{"/Users/matias/Desktop/2.5d Map/2.5-interactive-and-general-purpose-map-2/server/src/app.js": {"path":"/Users/matias/Desktop/2.5d Map/2.5-interactive-and-general-purpose-map-2/server/src/app.js","statementMap":{"0":{"start":{"line":1,"column":16},"end":{"line":1,"column":34}},"1":{"start":{"line":2,"column":13},"end":{"line":2,"column":28}},"2":{"start":{"line":3,"column":15},"end":{"line":3,"column":32}},"3":{"start":{"line":4,"column":15},"end":{"line":4,"column":32}},"4":{"start":{"line":5,"column":0},"end":{"line":5,"column":27}},"5":{"start":{"line":7,"column":25},"end":{"line":7,"column":61}},"6":{"start":{"line":8,"column":15},"end":{"line":8,"column":40}},"7":{"start":{"line":11,"column":0},"end":{"line":11,"column":33}},"8":{"start":{"line":12,"column":20},"end":{"line":12,"column":46}},"9":{"start":{"line":13,"column":19},"end":{"line":13,"column":43}},"10":{"start":{"line":14,"column":23},"end":{"line":14,"column":51}},"11":{"start":{"line":15,"column":19},"end":{"line":15,"column":43}},"12":{"start":{"line":16,"column":21},"end":{"line":16,"column":47}},"13":{"start":{"line":17,"column":23},"end":{"line":17,"column":51}},"14":{"start":{"line":18,"column":24},"end":{"line":18,"column":61}},"15":{"start":{"line":19,"column":0},"end":{"line":19,"column":30}},"16":{"start":{"line":21,"column":12},"end":{"line":21,"column":21}},"17":{"start":{"line":22,"column":13},"end":{"line":22,"column":37}},"18":{"start":{"line":29,"column":0},"end":{"line":29,"column":18}},"19":{"start":{"line":37,"column":0},"end":{"line":40,"column":4}},"20":{"start":{"line":43,"column":0},"end":{"line":43,"column":41}},"21":{"start":{"line":44,"column":0},"end":{"line":44,"column":48}},"22":{"start":{"line":47,"column":0},"end":{"line":51,"column":1}},"23":{"start":{"line":48,"column":2},"end":{"line":48,"column":25}},"24":{"start":{"line":50,"column":2},"end":{"line":50,"column":57}},"25":{"start":{"line":57,"column":0},"end":{"line":63,"column":3}},"26":{"start":{"line":58,"column":2},"end":{"line":62,"column":5}},"27":{"start":{"line":65,"column":0},"end":{"line":65,"column":39}},"28":{"start":{"line":66,"column":0},"end":{"line":66,"column":36}},"29":{"start":{"line":67,"column":0},"end":{"line":67,"column":44}},"30":{"start":{"line":68,"column":0},"end":{"line":68,"column":36}},"31":{"start":{"line":69,"column":0},"end":{"line":69,"column":40}},"32":{"start":{"line":70,"column":0},"end":{"line":70,"column":44}},"33":{"start":{"line":73,"column":0},"end":{"line":78,"column":3}},"34":{"start":{"line":74,"column":2},"end":{"line":77,"column":5}},"35":{"start":{"line":84,"column":0},"end":{"line":84,"column":22}},"36":{"start":{"line":90,"column":0},"end":{"line":102,"column":1}},"37":{"start":{"line":91,"column":2},"end":{"line":91,"column":48}},"38":{"start":{"line":92,"column":2},"end":{"line":99,"column":5}},"39":{"start":{"line":93,"column":4},"end":{"line":93,"column":58}},"40":{"start":{"line":94,"column":4},"end":{"line":94,"column":61}},"41":{"start":{"line":95,"column":4},"end":{"line":95,"column":74}},"42":{"start":{"line":98,"column":4},"end":{"line":98,"column":33}},"43":{"start":{"line":101,"column":2},"end":{"line":101,"column":44}},"44":{"start":{"line":104,"column":0},"end":{"line":104,"column":21}}},"fnMap":{"0":{"name":"(anonymous_0)","decl":{"start":{"line":57,"column":19},"end":{"line":57,"column":20}},"loc":{"start":{"line":57,"column":33},"end":{"line":63,"column":1}},"line":57},"1":{"name":"(anonymous_1)","decl":{"start":{"line":73,"column":8},"end":{"line":73,"column":9}},"loc":{"start":{"line":73,"column":22},"end":{"line":78,"column":1}},"line":73},"2":{"name":"(anonymous_2)","decl":{"start":{"line":92,"column":19},"end":{"line":92,"column":20}},"loc":{"start":{"line":92,"column":25},"end":{"line":99,"column":3}},"line":92}},"branchMap":{"0":{"loc":{"start":{"line":22,"column":13},"end":{"line":22,"column":37}},"type":"binary-expr","locations":[{"start":{"line":22,"column":13},"end":{"line":22,"column":29}},{"start":{"line":22,"column":33},"end":{"line":22,"column":37}}],"line":22},"1":{"loc":{"start":{"line":38,"column":10},"end":{"line":38,"column":59}},"type":"binary-expr","locations":[{"start":{"line":38,"column":10},"end":{"line":38,"column":32}},{"start":{"line":38,"column":36},"end":{"line":38,"column":59}}],"line":38},"2":{"loc":{"start":{"line":47,"column":0},"end":{"line":51,"column":1}},"type":"if","locations":[{"start":{"line":47,"column":0},"end":{"line":51,"column":1}},{"start":{"line":49,"column":7},"end":{"line":51,"column":1}}],"line":47},"3":{"loc":{"start":{"line":90,"column":0},"end":{"line":102,"column":1}},"type":"if","locations":[{"start":{"line":90,"column":0},"end":{"line":102,"column":1}},{"start":{"line":100,"column":7},"end":{"line":102,"column":1}}],"line":90}},"s":{"0":1,"1":1,"2":1,"3":1,"4":1,"5":1,"6":1,"7":1,"8":1,"9":1,"10":1,"11":1,"12":1,"13":1,"14":1,"15":1,"16":1,"17":1,"18":1,"19":1,"20":1,"21":1,"22":1,"23":0,"24":1,"25":1,"26":0,"27":1,"28":1,"29":1,"30":1,"31":1,"32":1,"33":1,"34":0,"35":1,"36":1,"37":0,"38":0,"39":0,"40":0,"41":0,"42":0,"43":1,"44":1},"f":{"0":0,"1":0,"2":0},"b":{"0":[1,1],"1":[1,1],"2":[0,1],"3":[0,1]},"_coverageSchema":"1a1c01bbd47fc00a2c39e90264f33305004495a9","hash":"73f74f7bd37bbc5ee849c0890957fe7ebebbffd8"}
,"/Users/matias/Desktop/2.5d Map/2.5-interactive-and-general-purpose-map-2/server/src/config/sequelize.js": {"path":"/Users/matias/Desktop/2.5d Map/2.5-interactive-and-general-purpose-map-2/server/src/config/sequelize.js","statementMap":{"0":{"start":{"line":1,"column":22},"end":{"line":1,"column":42}},"1":{"start":{"line":2,"column":15},"end":{"line":2,"column":41}},"2":{"start":{"line":3,"column":13},"end":{"line":3,"column":28}},"3":{"start":{"line":5,"column":17},"end":{"line":5,"column":52}},"4":{"start":{"line":8,"column":18},"end":{"line":58,"column":5}},"5":{"start":{"line":13,"column":12},"end":{"line":15,"column":13}},"6":{"start":{"line":14,"column":16},"end":{"line":14,"column":34}},"7":{"start":{"line":43,"column":16},"end":{"line":45,"column":17}},"8":{"start":{"line":44,"column":20},"end":{"line":44,"column":38}},"9":{"start":{"line":61,"column":23},"end":{"line":77,"column":1}},"10":{"start":{"line":62,"column":4},"end":{"line":76,"column":5}},"11":{"start":{"line":63,"column":8},"end":{"line":63,"column":39}},"12":{"start":{"line":64,"column":8},"end":{"line":64,"column":121}},"13":{"start":{"line":66,"column":8},"end":{"line":70,"column":9}},"14":{"start":{"line":68,"column":30},"end":{"line":68,"column":80}},"15":{"start":{"line":69,"column":12},"end":{"line":69,"column":76}},"16":{"start":{"line":72,"column":8},"end":{"line":72,"column":20}},"17":{"start":{"line":74,"column":8},"end":{"line":74,"column":75}},"18":{"start":{"line":75,"column":8},"end":{"line":75,"column":21}},"19":{"start":{"line":80,"column":19},"end":{"line":88,"column":1}},"20":{"start":{"line":81,"column":4},"end":{"line":87,"column":5}},"21":{"start":{"line":82,"column":8},"end":{"line":82,"column":38}},"22":{"start":{"line":83,"column":8},"end":{"line":83,"column":69}},"23":{"start":{"line":85,"column":8},"end":{"line":85,"column":74}},"24":{"start":{"line":86,"column":8},"end":{"line":86,"column":20}},"25":{"start":{"line":91,"column":24},"end":{"line":98,"column":1}},"26":{"start":{"line":92,"column":4},"end":{"line":97,"column":5}},"27":{"start":{"line":93,"column":8},"end":{"line":93,"column":32}},"28":{"start":{"line":94,"column":8},"end":{"line":94,"column":63}},"29":{"start":{"line":96,"column":8},"end":{"line":96,"column":70}},"30":{"start":{"line":100,"column":0},"end":{"line":106,"column":2}}},"fnMap":{"0":{"name":"(anonymous_0)","decl":{"start":{"line":12,"column":17},"end":{"line":12,"column":18}},"loc":{"start":{"line":12,"column":26},"end":{"line":16,"column":9}},"line":12},"1":{"name":"(anonymous_1)","decl":{"start":{"line":42,"column":21},"end":{"line":42,"column":22}},"loc":{"start":{"line":42,"column":30},"end":{"line":46,"column":13}},"line":42},"2":{"name":"(anonymous_2)","decl":{"start":{"line":61,"column":23},"end":{"line":61,"column":24}},"loc":{"start":{"line":61,"column":35},"end":{"line":77,"column":1}},"line":61},"3":{"name":"(anonymous_3)","decl":{"start":{"line":80,"column":19},"end":{"line":80,"column":20}},"loc":{"start":{"line":80,"column":43},"end":{"line":88,"column":1}},"line":80},"4":{"name":"(anonymous_4)","decl":{"start":{"line":91,"column":24},"end":{"line":91,"column":25}},"loc":{"start":{"line":91,"column":36},"end":{"line":98,"column":1}},"line":91}},"branchMap":{"0":{"loc":{"start":{"line":8,"column":18},"end":{"line":58,"column":5}},"type":"cond-expr","locations":[{"start":{"line":9,"column":6},"end":{"line":23,"column":6}},{"start":{"line":24,"column":6},"end":{"line":58,"column":5}}],"line":8},"1":{"loc":{"start":{"line":13,"column":12},"end":{"line":15,"column":13}},"type":"if","locations":[{"start":{"line":13,"column":12},"end":{"line":15,"column":13}},{"start":{},"end":{}}],"line":13},"2":{"loc":{"start":{"line":25,"column":8},"end":{"line":25,"column":48}},"type":"binary-expr","locations":[{"start":{"line":25,"column":8},"end":{"line":25,"column":27}},{"start":{"line":25,"column":31},"end":{"line":25,"column":48}}],"line":25},"3":{"loc":{"start":{"line":26,"column":8},"end":{"line":26,"column":41}},"type":"binary-expr","locations":[{"start":{"line":26,"column":8},"end":{"line":26,"column":27}},{"start":{"line":26,"column":31},"end":{"line":26,"column":41}}],"line":26},"4":{"loc":{"start":{"line":27,"column":8},"end":{"line":27,"column":48}},"type":"binary-expr","locations":[{"start":{"line":27,"column":8},"end":{"line":27,"column":31}},{"start":{"line":27,"column":35},"end":{"line":27,"column":48}}],"line":27},"5":{"loc":{"start":{"line":29,"column":18},"end":{"line":29,"column":52}},"type":"binary-expr","locations":[{"start":{"line":29,"column":18},"end":{"line":29,"column":37}},{"start":{"line":29,"column":41},"end":{"line":29,"column":52}}],"line":29},"6":{"loc":{"start":{"line":30,"column":18},"end":{"line":30,"column":45}},"type":"binary-expr","locations":[{"start":{"line":30,"column":18},"end":{"line":30,"column":37}},{"start":{"line":30,"column":41},"end":{"line":30,"column":45}}],"line":30},"7":{"loc":{"start":{"line":37,"column":21},"end":{"line":37,"column":60}},"type":"binary-expr","locations":[{"start":{"line":37,"column":21},"end":{"line":37,"column":54}},{"start":{"line":37,"column":58},"end":{"line":37,"column":60}}],"line":37},"8":{"loc":{"start":{"line":38,"column":21},"end":{"line":38,"column":59}},"type":"binary-expr","locations":[{"start":{"line":38,"column":21},"end":{"line":38,"column":54}},{"start":{"line":38,"column":58},"end":{"line":38,"column":59}}],"line":38},"9":{"loc":{"start":{"line":43,"column":16},"end":{"line":45,"column":17}},"type":"if","locations":[{"start":{"line":43,"column":16},"end":{"line":45,"column":17}},{"start":{},"end":{}}],"line":43},"10":{"loc":{"start":{"line":64,"column":82},"end":{"line":64,"column":116}},"type":"cond-expr","locations":[{"start":{"line":64,"column":93},"end":{"line":64,"column":101}},{"start":{"line":64,"column":104},"end":{"line":64,"column":116}}],"line":64},"11":{"loc":{"start":{"line":66,"column":8},"end":{"line":70,"column":9}},"type":"if","locations":[{"start":{"line":66,"column":8},"end":{"line":70,"column":9}},{"start":{},"end":{}}],"line":66},"12":{"loc":{"start":{"line":80,"column":26},"end":{"line":80,"column":38}},"type":"default-arg","locations":[{"start":{"line":80,"column":36},"end":{"line":80,"column":38}}],"line":80}},"s":{"0":6,"1":6,"2":6,"3":6,"4":6,"5":0,"6":0,"7":0,"8":0,"9":6,"10":0,"11":0,"12":0,"13":0,"14":0,"15":0,"16":0,"17":0,"18":0,"19":6,"20":0,"21":0,"22":0,"23":0,"24":0,"25":6,"26":0,"27":0,"28":0,"29":0,"30":6},"f":{"0":0,"1":0,"2":0,"3":0,"4":0},"b":{"0":[0,6],"1":[0,0],"2":[6,6],"3":[6,6],"4":[6,6],"5":[6,6],"6":[6,6],"7":[6,6],"8":[6,6],"9":[0,0],"10":[0,0],"11":[0,0],"12":[0]},"_coverageSchema":"1a1c01bbd47fc00a2c39e90264f33305004495a9","hash":"640a1690abe545aa96dbc8bf934290d460a82ca2"}
,"/Users/matias/Desktop/2.5d Map/2.5-interactive-and-general-purpose-map-2/server/src/controllers/authController.js": {"path":"/Users/matias/Desktop/2.5d Map/2.5-interactive-and-general-purpose-map-2/server/src/controllers/authController.js","statementMap":{"0":{"start":{"line":1,"column":17},"end":{"line":1,"column":37}},"1":{"start":{"line":2,"column":21},"end":{"line":2,"column":58}},"2":{"start":{"line":3,"column":12},"end":{"line":3,"column":35}},"3":{"start":{"line":6,"column":22},"end":{"line":10,"column":1}},"4":{"start":{"line":7,"column":4},"end":{"line":9,"column":7}},"5":{"start":{"line":12,"column":23},"end":{"line":119,"column":1}},"6":{"start":{"line":18,"column":8},"end":{"line":55,"column":9}},"7":{"start":{"line":19,"column":50},"end":{"line":19,"column":58}},"8":{"start":{"line":22,"column":31},"end":{"line":24,"column":14}},"9":{"start":{"line":26,"column":12},"end":{"line":28,"column":13}},"10":{"start":{"line":27,"column":16},"end":{"line":27,"column":75}},"11":{"start":{"line":30,"column":35},"end":{"line":32,"column":14}},"12":{"start":{"line":34,"column":12},"end":{"line":36,"column":13}},"13":{"start":{"line":35,"column":16},"end":{"line":35,"column":73}},"14":{"start":{"line":39,"column":25},"end":{"line":43,"column":14}},"15":{"start":{"line":46,"column":26},"end":{"line":46,"column":48}},"16":{"start":{"line":48,"column":12},"end":{"line":52,"column":15}},"17":{"start":{"line":54,"column":12},"end":{"line":54,"column":24}},"18":{"start":{"line":63,"column":8},"end":{"line":100,"column":9}},"19":{"start":{"line":64,"column":40},"end":{"line":64,"column":48}},"20":{"start":{"line":67,"column":12},"end":{"line":69,"column":13}},"21":{"start":{"line":68,"column":16},"end":{"line":68,"column":87}},"22":{"start":{"line":72,"column":25},"end":{"line":74,"column":14}},"23":{"start":{"line":76,"column":12},"end":{"line":78,"column":13}},"24":{"start":{"line":77,"column":16},"end":{"line":77,"column":70}},"25":{"start":{"line":81,"column":28},"end":{"line":81,"column":65}},"26":{"start":{"line":83,"column":12},"end":{"line":85,"column":13}},"27":{"start":{"line":84,"column":16},"end":{"line":84,"column":70}},"28":{"start":{"line":88,"column":12},"end":{"line":88,"column":41}},"29":{"start":{"line":91,"column":26},"end":{"line":91,"column":48}},"30":{"start":{"line":93,"column":12},"end":{"line":97,"column":15}},"31":{"start":{"line":99,"column":12},"end":{"line":99,"column":24}},"32":{"start":{"line":108,"column":8},"end":{"line":117,"column":9}},"33":{"start":{"line":109,"column":25},"end":{"line":109,"column":57}},"34":{"start":{"line":111,"column":12},"end":{"line":114,"column":15}},"35":{"start":{"line":116,"column":12},"end":{"line":116,"column":24}},"36":{"start":{"line":121,"column":0},"end":{"line":121,"column":32}}},"fnMap":{"0":{"name":"(anonymous_0)","decl":{"start":{"line":6,"column":22},"end":{"line":6,"column":23}},"loc":{"start":{"line":6,"column":30},"end":{"line":10,"column":1}},"line":6},"1":{"name":"(anonymous_1)","decl":{"start":{"line":17,"column":4},"end":{"line":17,"column":5}},"loc":{"start":{"line":17,"column":35},"end":{"line":56,"column":5}},"line":17},"2":{"name":"(anonymous_2)","decl":{"start":{"line":62,"column":4},"end":{"line":62,"column":5}},"loc":{"start":{"line":62,"column":32},"end":{"line":101,"column":5}},"line":62},"3":{"name":"(anonymous_3)","decl":{"start":{"line":107,"column":4},"end":{"line":107,"column":5}},"loc":{"start":{"line":107,"column":32},"end":{"line":118,"column":5}},"line":107}},"branchMap":{"0":{"loc":{"start":{"line":7,"column":28},"end":{"line":7,"column":74}},"type":"binary-expr","locations":[{"start":{"line":7,"column":28},"end":{"line":7,"column":50}},{"start":{"line":7,"column":54},"end":{"line":7,"column":74}}],"line":7},"1":{"loc":{"start":{"line":8,"column":19},"end":{"line":8,"column":50}},"type":"binary-expr","locations":[{"start":{"line":8,"column":19},"end":{"line":8,"column":41}},{"start":{"line":8,"column":45},"end":{"line":8,"column":50}}],"line":8},"2":{"loc":{"start":{"line":26,"column":12},"end":{"line":28,"column":13}},"type":"if","locations":[{"start":{"line":26,"column":12},"end":{"line":28,"column":13}},{"start":{},"end":{}}],"line":26},"3":{"loc":{"start":{"line":34,"column":12},"end":{"line":36,"column":13}},"type":"if","locations":[{"start":{"line":34,"column":12},"end":{"line":36,"column":13}},{"start":{},"end":{}}],"line":34},"4":{"loc":{"start":{"line":67,"column":12},"end":{"line":69,"column":13}},"type":"if","locations":[{"start":{"line":67,"column":12},"end":{"line":69,"column":13}},{"start":{},"end":{}}],"line":67},"5":{"loc":{"start":{"line":67,"column":16},"end":{"line":67,"column":35}},"type":"binary-expr","locations":[{"start":{"line":67,"column":16},"end":{"line":67,"column":22}},{"start":{"line":67,"column":26},"end":{"line":67,"column":35}}],"line":67},"6":{"loc":{"start":{"line":76,"column":12},"end":{"line":78,"column":13}},"type":"if","locations":[{"start":{"line":76,"column":12},"end":{"line":78,"column":13}},{"start":{},"end":{}}],"line":76},"7":{"loc":{"start":{"line":83,"column":12},"end":{"line":85,"column":13}},"type":"if","locations":[{"start":{"line":83,"column":12},"end":{"line":85,"column":13}},{"start":{},"end":{}}],"line":83}},"s":{"0":2,"1":2,"2":2,"3":2,"4":2,"5":2,"6":2,"7":2,"8":2,"9":2,"10":1,"11":1,"12":1,"13":0,"14":1,"15":1,"16":1,"17":0,"18":2,"19":2,"20":2,"21":0,"22":2,"23":2,"24":1,"25":1,"26":1,"27":0,"28":1,"29":1,"30":1,"31":0,"32":1,"33":1,"34":1,"35":0,"36":2},"f":{"0":2,"1":2,"2":2,"3":1},"b":{"0":[2,2],"1":[2,2],"2":[1,1],"3":[0,1],"4":[0,2],"5":[2,2],"6":[1,1],"7":[0,1]},"_coverageSchema":"1a1c01bbd47fc00a2c39e90264f33305004495a9","hash":"31a7082db0e401e5f2cdbcca139b4b55f8e0bb3a"}
,"/Users/matias/Desktop/2.5d Map/2.5-interactive-and-general-purpose-map-2/server/src/controllers/dataController.js": {"path":"/Users/matias/Desktop/2.5d Map/2.5-interactive-and-general-purpose-map-2/server/src/controllers/dataController.js","statementMap":{"0":{"start":{"line":1,"column":19},"end":{"line":1,"column":52}},"1":{"start":{"line":2,"column":21},"end":{"line":2,"column":58}},"2":{"start":{"line":4,"column":23},"end":{"line":166,"column":1}},"3":{"start":{"line":10,"column":8},"end":{"line":37,"column":9}},"4":{"start":{"line":11,"column":57},"end":{"line":11,"column":66}},"5":{"start":{"line":13,"column":12},"end":{"line":15,"column":13}},"6":{"start":{"line":14,"column":16},"end":{"line":14,"column":107}},"7":{"start":{"line":17,"column":30},"end":{"line":17,"column":57}},"8":{"start":{"line":18,"column":12},"end":{"line":20,"column":13}},"9":{"start":{"line":19,"column":16},"end":{"line":19,"column":70}},"10":{"start":{"line":22,"column":28},"end":{"line":27,"column":13}},"11":{"start":{"line":29,"column":27},"end":{"line":29,"column":81}},"12":{"start":{"line":31,"column":12},"end":{"line":34,"column":15}},"13":{"start":{"line":36,"column":12},"end":{"line":36,"column":24}},"14":{"start":{"line":45,"column":8},"end":{"line":76,"column":9}},"15":{"start":{"line":46,"column":69},"end":{"line":46,"column":78}},"16":{"start":{"line":48,"column":12},"end":{"line":50,"column":13}},"17":{"start":{"line":49,"column":16},"end":{"line":49,"column":86}},"18":{"start":{"line":52,"column":30},"end":{"line":52,"column":45}},"19":{"start":{"line":53,"column":29},"end":{"line":53,"column":44}},"20":{"start":{"line":54,"column":33},"end":{"line":54,"column":67}},"21":{"start":{"line":56,"column":28},"end":{"line":61,"column":13}},"22":{"start":{"line":63,"column":29},"end":{"line":68,"column":13}},"23":{"start":{"line":70,"column":12},"end":{"line":73,"column":15}},"24":{"start":{"line":75,"column":12},"end":{"line":75,"column":24}},"25":{"start":{"line":84,"column":8},"end":{"line":107,"column":9}},"26":{"start":{"line":85,"column":32},"end":{"line":85,"column":40}},"27":{"start":{"line":86,"column":51},"end":{"line":86,"column":60}},"28":{"start":{"line":88,"column":12},"end":{"line":90,"column":13}},"29":{"start":{"line":89,"column":16},"end":{"line":89,"column":87}},"30":{"start":{"line":92,"column":28},"end":{"line":97,"column":13}},"31":{"start":{"line":99,"column":27},"end":{"line":99,"column":82}},"32":{"start":{"line":101,"column":12},"end":{"line":104,"column":15}},"33":{"start":{"line":106,"column":12},"end":{"line":106,"column":24}},"34":{"start":{"line":115,"column":8},"end":{"line":138,"column":9}},"35":{"start":{"line":116,"column":54},"end":{"line":116,"column":63}},"36":{"start":{"line":118,"column":12},"end":{"line":120,"column":13}},"37":{"start":{"line":119,"column":16},"end":{"line":119,"column":77}},"38":{"start":{"line":122,"column":30},"end":{"line":122,"column":57}},"39":{"start":{"line":123,"column":32},"end":{"line":123,"column":69}},"40":{"start":{"line":125,"column":28},"end":{"line":128,"column":13}},"41":{"start":{"line":130,"column":25},"end":{"line":130,"column":89}},"42":{"start":{"line":132,"column":12},"end":{"line":135,"column":15}},"43":{"start":{"line":137,"column":12},"end":{"line":137,"column":24}},"44":{"start":{"line":146,"column":8},"end":{"line":164,"column":9}},"45":{"start":{"line":147,"column":38},"end":{"line":147,"column":47}},"46":{"start":{"line":149,"column":12},"end":{"line":151,"column":13}},"47":{"start":{"line":150,"column":16},"end":{"line":150,"column":80}},"48":{"start":{"line":153,"column":26},"end":{"line":156,"column":13}},"49":{"start":{"line":158,"column":12},"end":{"line":161,"column":15}},"50":{"start":{"line":163,"column":12},"end":{"line":163,"column":24}},"51":{"start":{"line":168,"column":0},"end":{"line":168,"column":32}}},"fnMap":{"0":{"name":"(anonymous_0)","decl":{"start":{"line":9,"column":4},"end":{"line":9,"column":5}},"loc":{"start":{"line":9,"column":38},"end":{"line":38,"column":5}},"line":9},"1":{"name":"(anonymous_1)","decl":{"start":{"line":44,"column":4},"end":{"line":44,"column":5}},"loc":{"start":{"line":44,"column":36},"end":{"line":77,"column":5}},"line":44},"2":{"name":"(anonymous_2)","decl":{"start":{"line":83,"column":4},"end":{"line":83,"column":5}},"loc":{"start":{"line":83,"column":39},"end":{"line":108,"column":5}},"line":83},"3":{"name":"(anonymous_3)","decl":{"start":{"line":114,"column":4},"end":{"line":114,"column":5}},"loc":{"start":{"line":114,"column":37},"end":{"line":139,"column":5}},"line":114},"4":{"name":"(anonymous_4)","decl":{"start":{"line":145,"column":4},"end":{"line":145,"column":5}},"loc":{"start":{"line":145,"column":35},"end":{"line":165,"column":5}},"line":145}},"branchMap":{"0":{"loc":{"start":{"line":13,"column":12},"end":{"line":15,"column":13}},"type":"if","locations":[{"start":{"line":13,"column":12},"end":{"line":15,"column":13}},{"start":{},"end":{}}],"line":13},"1":{"loc":{"start":{"line":18,"column":12},"end":{"line":20,"column":13}},"type":"if","locations":[{"start":{"line":18,"column":12},"end":{"line":20,"column":13}},{"start":{},"end":{}}],"line":18},"2":{"loc":{"start":{"line":18,"column":16},"end":{"line":18,"column":63}},"type":"binary-expr","locations":[{"start":{"line":18,"column":16},"end":{"line":18,"column":38}},{"start":{"line":18,"column":42},"end":{"line":18,"column":63}}],"line":18},"3":{"loc":{"start":{"line":23,"column":22},"end":{"line":23,"column":55}},"type":"cond-expr","locations":[{"start":{"line":23,"column":29},"end":{"line":23,"column":43}},{"start":{"line":23,"column":46},"end":{"line":23,"column":55}}],"line":23},"4":{"loc":{"start":{"line":24,"column":25},"end":{"line":24,"column":64}},"type":"cond-expr","locations":[{"start":{"line":24,"column":35},"end":{"line":24,"column":52}},{"start":{"line":24,"column":55},"end":{"line":24,"column":64}}],"line":24},"5":{"loc":{"start":{"line":26,"column":23},"end":{"line":26,"column":58}},"type":"cond-expr","locations":[{"start":{"line":26,"column":31},"end":{"line":26,"column":46}},{"start":{"line":26,"column":49},"end":{"line":26,"column":58}}],"line":26},"6":{"loc":{"start":{"line":48,"column":12},"end":{"line":50,"column":13}},"type":"if","locations":[{"start":{"line":48,"column":12},"end":{"line":50,"column":13}},{"start":{},"end":{}}],"line":48},"7":{"loc":{"start":{"line":48,"column":16},"end":{"line":48,"column":28}},"type":"binary-expr","locations":[{"start":{"line":48,"column":16},"end":{"line":48,"column":20}},{"start":{"line":48,"column":24},"end":{"line":48,"column":28}}],"line":48},"8":{"loc":{"start":{"line":54,"column":33},"end":{"line":54,"column":67}},"type":"cond-expr","locations":[{"start":{"line":54,"column":42},"end":{"line":54,"column":60}},{"start":{"line":54,"column":63},"end":{"line":54,"column":67}}],"line":54},"9":{"loc":{"start":{"line":57,"column":22},"end":{"line":57,"column":55}},"type":"cond-expr","locations":[{"start":{"line":57,"column":29},"end":{"line":57,"column":43}},{"start":{"line":57,"column":46},"end":{"line":57,"column":55}}],"line":57},"10":{"loc":{"start":{"line":58,"column":25},"end":{"line":58,"column":64}},"type":"cond-expr","locations":[{"start":{"line":58,"column":35},"end":{"line":58,"column":52}},{"start":{"line":58,"column":55},"end":{"line":58,"column":64}}],"line":58},"11":{"loc":{"start":{"line":60,"column":23},"end":{"line":60,"column":58}},"type":"cond-expr","locations":[{"start":{"line":60,"column":31},"end":{"line":60,"column":46}},{"start":{"line":60,"column":49},"end":{"line":60,"column":58}}],"line":60},"12":{"loc":{"start":{"line":88,"column":12},"end":{"line":90,"column":13}},"type":"if","locations":[{"start":{"line":88,"column":12},"end":{"line":90,"column":13}},{"start":{},"end":{}}],"line":88},"13":{"loc":{"start":{"line":93,"column":22},"end":{"line":93,"column":55}},"type":"cond-expr","locations":[{"start":{"line":93,"column":29},"end":{"line":93,"column":43}},{"start":{"line":93,"column":46},"end":{"line":93,"column":55}}],"line":93},"14":{"loc":{"start":{"line":94,"column":25},"end":{"line":94,"column":64}},"type":"cond-expr","locations":[{"start":{"line":94,"column":35},"end":{"line":94,"column":52}},{"start":{"line":94,"column":55},"end":{"line":94,"column":64}}],"line":94},"15":{"loc":{"start":{"line":96,"column":23},"end":{"line":96,"column":58}},"type":"cond-expr","locations":[{"start":{"line":96,"column":31},"end":{"line":96,"column":46}},{"start":{"line":96,"column":49},"end":{"line":96,"column":58}}],"line":96},"16":{"loc":{"start":{"line":118,"column":12},"end":{"line":120,"column":13}},"type":"if","locations":[{"start":{"line":118,"column":12},"end":{"line":120,"column":13}},{"start":{},"end":{}}],"line":118},"17":{"loc":{"start":{"line":123,"column":32},"end":{"line":123,"column":69}},"type":"cond-expr","locations":[{"start":{"line":123,"column":43},"end":{"line":123,"column":63}},{"start":{"line":123,"column":66},"end":{"line":123,"column":69}}],"line":123},"18":{"loc":{"start":{"line":126,"column":22},"end":{"line":126,"column":55}},"type":"cond-expr","locations":[{"start":{"line":126,"column":29},"end":{"line":126,"column":43}},{"start":{"line":126,"column":46},"end":{"line":126,"column":55}}],"line":126},"19":{"loc":{"start":{"line":127,"column":25},"end":{"line":127,"column":64}},"type":"cond-expr","locations":[{"start":{"line":127,"column":35},"end":{"line":127,"column":52}},{"start":{"line":127,"column":55},"end":{"line":127,"column":64}}],"line":127},"20":{"loc":{"start":{"line":149,"column":12},"end":{"line":151,"column":13}},"type":"if","locations":[{"start":{"line":149,"column":12},"end":{"line":151,"column":13}},{"start":{},"end":{}}],"line":149},"21":{"loc":{"start":{"line":155,"column":16},"end":{"line":155,"column":49}},"type":"cond-expr","locations":[{"start":{"line":155,"column":23},"end":{"line":155,"column":37}},{"start":{"line":155,"column":40},"end":{"line":155,"column":49}}],"line":155}},"s":{"0":1,"1":1,"2":1,"3":0,"4":0,"5":0,"6":0,"7":0,"8":0,"9":0,"10":0,"11":0,"12":0,"13":0,"14":0,"15":0,"16":0,"17":0,"18":0,"19":0,"20":0,"21":0,"22":0,"23":0,"24":0,"25":0,"26":0,"27":0,"28":0,"29":0,"30":0,"31":0,"32":0,"33":0,"34":0,"35":0,"36":0,"37":0,"38":0,"39":0,"40":0,"41":0,"42":0,"43":0,"44":0,"45":0,"46":0,"47":0,"48":0,"49":0,"50":0,"51":1},"f":{"0":0,"1":0,"2":0,"3":0,"4":0},"b":{"0":[0,0],"1":[0,0],"2":[0,0],"3":[0,0],"4":[0,0],"5":[0,0],"6":[0,0],"7":[0,0],"8":[0,0],"9":[0,0],"10":[0,0],"11":[0,0],"12":[0,0],"13":[0,0],"14":[0,0],"15":[0,0],"16":[0,0],"17":[0,0],"18":[0,0],"19":[0,0],"20":[0,0],"21":[0,0]},"_coverageSchema":"1a1c01bbd47fc00a2c39e90264f33305004495a9","hash":"5b2ada0183d9ac03c0f3c55de462feaac4b895e1"}
,"/Users/matias/Desktop/2.5d Map/2.5-interactive-and-general-purpose-map-2/server/src/controllers/layerController.js": {"path":"/Users/matias/Desktop/2.5d Map/2.5-interactive-and-general-purpose-map-2/server/src/controllers/layerController.js","statementMap":{"0":{"start":{"line":1,"column":21},"end":{"line":1,"column":56}},"1":{"start":{"line":2,"column":21},"end":{"line":2,"column":58}},"2":{"start":{"line":5,"column":21},"end":{"line":22,"column":1}},"3":{"start":{"line":6,"column":19},"end":{"line":6,"column":21}},"4":{"start":{"line":7,"column":4},"end":{"line":7,"column":57}},"5":{"start":{"line":7,"column":33},"end":{"line":7,"column":57}},"6":{"start":{"line":8,"column":4},"end":{"line":8,"column":57}},"7":{"start":{"line":8,"column":33},"end":{"line":8,"column":57}},"8":{"start":{"line":9,"column":4},"end":{"line":9,"column":69}},"9":{"start":{"line":9,"column":37},"end":{"line":9,"column":69}},"10":{"start":{"line":10,"column":4},"end":{"line":10,"column":78}},"11":{"start":{"line":10,"column":40},"end":{"line":10,"column":78}},"12":{"start":{"line":11,"column":4},"end":{"line":11,"column":74}},"13":{"start":{"line":11,"column":39},"end":{"line":11,"column":74}},"14":{"start":{"line":12,"column":4},"end":{"line":12,"column":71}},"15":{"start":{"line":12,"column":38},"end":{"line":12,"column":71}},"16":{"start":{"line":13,"column":4},"end":{"line":13,"column":83}},"17":{"start":{"line":13,"column":42},"end":{"line":13,"column":83}},"18":{"start":{"line":14,"column":4},"end":{"line":14,"column":68}},"19":{"start":{"line":14,"column":37},"end":{"line":14,"column":68}},"20":{"start":{"line":15,"column":4},"end":{"line":15,"column":68}},"21":{"start":{"line":15,"column":37},"end":{"line":15,"column":68}},"22":{"start":{"line":16,"column":4},"end":{"line":16,"column":68}},"23":{"start":{"line":16,"column":37},"end":{"line":16,"column":68}},"24":{"start":{"line":17,"column":4},"end":{"line":17,"column":68}},"25":{"start":{"line":17,"column":37},"end":{"line":17,"column":68}},"26":{"start":{"line":18,"column":4},"end":{"line":18,"column":66}},"27":{"start":{"line":18,"column":36},"end":{"line":18,"column":66}},"28":{"start":{"line":19,"column":4},"end":{"line":19,"column":63}},"29":{"start":{"line":19,"column":35},"end":{"line":19,"column":63}},"30":{"start":{"line":20,"column":4},"end":{"line":20,"column":69}},"31":{"start":{"line":20,"column":37},"end":{"line":20,"column":69}},"32":{"start":{"line":21,"column":4},"end":{"line":21,"column":18}},"33":{"start":{"line":24,"column":24},"end":{"line":156,"column":1}},"34":{"start":{"line":30,"column":8},"end":{"line":52,"column":9}},"35":{"start":{"line":31,"column":28},"end":{"line":38,"column":13}},"36":{"start":{"line":40,"column":27},"end":{"line":40,"column":62}},"37":{"start":{"line":42,"column":12},"end":{"line":49,"column":15}},"38":{"start":{"line":47,"column":62},"end":{"line":47,"column":86}},"39":{"start":{"line":51,"column":12},"end":{"line":51,"column":24}},"40":{"start":{"line":60,"column":8},"end":{"line":70,"column":9}},"41":{"start":{"line":61,"column":27},"end":{"line":61,"column":37}},"42":{"start":{"line":62,"column":26},"end":{"line":62,"column":57}},"43":{"start":{"line":64,"column":12},"end":{"line":67,"column":15}},"44":{"start":{"line":69,"column":12},"end":{"line":69,"column":24}},"45":{"start":{"line":78,"column":8},"end":{"line":89,"column":9}},"46":{"start":{"line":79,"column":30},"end":{"line":79,"column":52}},"47":{"start":{"line":80,"column":26},"end":{"line":80,"column":62}},"48":{"start":{"line":82,"column":12},"end":{"line":86,"column":15}},"49":{"start":{"line":88,"column":12},"end":{"line":88,"column":24}},"50":{"start":{"line":97,"column":8},"end":{"line":109,"column":9}},"51":{"start":{"line":98,"column":27},"end":{"line":98,"column":37}},"52":{"start":{"line":99,"column":30},"end":{"line":99,"column":52}},"53":{"start":{"line":100,"column":26},"end":{"line":100,"column":66}},"54":{"start":{"line":102,"column":12},"end":{"line":106,"column":15}},"55":{"start":{"line":108,"column":12},"end":{"line":108,"column":24}},"56":{"start":{"line":117,"column":8},"end":{"line":127,"column":9}},"57":{"start":{"line":118,"column":27},"end":{"line":118,"column":37}},"58":{"start":{"line":119,"column":12},"end":{"line":119,"column":42}},"59":{"start":{"line":121,"column":12},"end":{"line":124,"column":15}},"60":{"start":{"line":126,"column":12},"end":{"line":126,"column":24}},"61":{"start":{"line":135,"column":8},"end":{"line":154,"column":9}},"62":{"start":{"line":136,"column":27},"end":{"line":136,"column":37}},"63":{"start":{"line":137,"column":35},"end":{"line":137,"column":44}},"64":{"start":{"line":139,"column":30},"end":{"line":139,"column":71}},"65":{"start":{"line":140,"column":31},"end":{"line":140,"column":59}},"66":{"start":{"line":142,"column":27},"end":{"line":146,"column":13}},"67":{"start":{"line":148,"column":12},"end":{"line":151,"column":15}},"68":{"start":{"line":153,"column":12},"end":{"line":153,"column":24}},"69":{"start":{"line":158,"column":0},"end":{"line":158,"column":33}}},"fnMap":{"0":{"name":"(anonymous_0)","decl":{"start":{"line":5,"column":21},"end":{"line":5,"column":22}},"loc":{"start":{"line":5,"column":31},"end":{"line":22,"column":1}},"line":5},"1":{"name":"(anonymous_1)","decl":{"start":{"line":29,"column":4},"end":{"line":29,"column":5}},"loc":{"start":{"line":29,"column":33},"end":{"line":53,"column":5}},"line":29},"2":{"name":"(anonymous_2)","decl":{"start":{"line":47,"column":57},"end":{"line":47,"column":58}},"loc":{"start":{"line":47,"column":62},"end":{"line":47,"column":86}},"line":47},"3":{"name":"(anonymous_3)","decl":{"start":{"line":59,"column":4},"end":{"line":59,"column":5}},"loc":{"start":{"line":59,"column":34},"end":{"line":71,"column":5}},"line":59},"4":{"name":"(anonymous_4)","decl":{"start":{"line":77,"column":4},"end":{"line":77,"column":5}},"loc":{"start":{"line":77,"column":33},"end":{"line":90,"column":5}},"line":77},"5":{"name":"(anonymous_5)","decl":{"start":{"line":96,"column":4},"end":{"line":96,"column":5}},"loc":{"start":{"line":96,"column":33},"end":{"line":110,"column":5}},"line":96},"6":{"name":"(anonymous_6)","decl":{"start":{"line":116,"column":4},"end":{"line":116,"column":5}},"loc":{"start":{"line":116,"column":33},"end":{"line":128,"column":5}},"line":116},"7":{"name":"(anonymous_7)","decl":{"start":{"line":134,"column":4},"end":{"line":134,"column":5}},"loc":{"start":{"line":134,"column":38},"end":{"line":155,"column":5}},"line":134}},"branchMap":{"0":{"loc":{"start":{"line":7,"column":4},"end":{"line":7,"column":57}},"type":"if","locations":[{"start":{"line":7,"column":4},"end":{"line":7,"column":57}},{"start":{},"end":{}}],"line":7},"1":{"loc":{"start":{"line":8,"column":4},"end":{"line":8,"column":57}},"type":"if","locations":[{"start":{"line":8,"column":4},"end":{"line":8,"column":57}},{"start":{},"end":{}}],"line":8},"2":{"loc":{"start":{"line":9,"column":4},"end":{"line":9,"column":69}},"type":"if","locations":[{"start":{"line":9,"column":4},"end":{"line":9,"column":69}},{"start":{},"end":{}}],"line":9},"3":{"loc":{"start":{"line":10,"column":4},"end":{"line":10,"column":78}},"type":"if","locations":[{"start":{"line":10,"column":4},"end":{"line":10,"column":78}},{"start":{},"end":{}}],"line":10},"4":{"loc":{"start":{"line":11,"column":4},"end":{"line":11,"column":74}},"type":"if","locations":[{"start":{"line":11,"column":4},"end":{"line":11,"column":74}},{"start":{},"end":{}}],"line":11},"5":{"loc":{"start":{"line":12,"column":4},"end":{"line":12,"column":71}},"type":"if","locations":[{"start":{"line":12,"column":4},"end":{"line":12,"column":71}},{"start":{},"end":{}}],"line":12},"6":{"loc":{"start":{"line":13,"column":4},"end":{"line":13,"column":83}},"type":"if","locations":[{"start":{"line":13,"column":4},"end":{"line":13,"column":83}},{"start":{},"end":{}}],"line":13},"7":{"loc":{"start":{"line":14,"column":4},"end":{"line":14,"column":68}},"type":"if","locations":[{"start":{"line":14,"column":4},"end":{"line":14,"column":68}},{"start":{},"end":{}}],"line":14},"8":{"loc":{"start":{"line":15,"column":4},"end":{"line":15,"column":68}},"type":"if","locations":[{"start":{"line":15,"column":4},"end":{"line":15,"column":68}},{"start":{},"end":{}}],"line":15},"9":{"loc":{"start":{"line":16,"column":4},"end":{"line":16,"column":68}},"type":"if","locations":[{"start":{"line":16,"column":4},"end":{"line":16,"column":68}},{"start":{},"end":{}}],"line":16},"10":{"loc":{"start":{"line":17,"column":4},"end":{"line":17,"column":68}},"type":"if","locations":[{"start":{"line":17,"column":4},"end":{"line":17,"column":68}},{"start":{},"end":{}}],"line":17},"11":{"loc":{"start":{"line":18,"column":4},"end":{"line":18,"column":66}},"type":"if","locations":[{"start":{"line":18,"column":4},"end":{"line":18,"column":66}},{"start":{},"end":{}}],"line":18},"12":{"loc":{"start":{"line":19,"column":4},"end":{"line":19,"column":63}},"type":"if","locations":[{"start":{"line":19,"column":4},"end":{"line":19,"column":63}},{"start":{},"end":{}}],"line":19},"13":{"loc":{"start":{"line":20,"column":4},"end":{"line":20,"column":69}},"type":"if","locations":[{"start":{"line":20,"column":4},"end":{"line":20,"column":69}},{"start":{},"end":{}}],"line":20},"14":{"loc":{"start":{"line":34,"column":27},"end":{"line":35,"column":71}},"type":"cond-expr","locations":[{"start":{"line":34,"column":60},"end":{"line":34,"column":64}},{"start":{"line":35,"column":20},"end":{"line":35,"column":71}}],"line":34},"15":{"loc":{"start":{"line":35,"column":20},"end":{"line":35,"column":71}},"type":"cond-expr","locations":[{"start":{"line":35,"column":54},"end":{"line":35,"column":59}},{"start":{"line":35,"column":62},"end":{"line":35,"column":71}}],"line":35},"16":{"loc":{"start":{"line":36,"column":31},"end":{"line":37,"column":75}},"type":"cond-expr","locations":[{"start":{"line":36,"column":68},"end":{"line":36,"column":72}},{"start":{"line":37,"column":20},"end":{"line":37,"column":75}}],"line":36},"17":{"loc":{"start":{"line":37,"column":20},"end":{"line":37,"column":75}},"type":"cond-expr","locations":[{"start":{"line":37,"column":58},"end":{"line":37,"column":63}},{"start":{"line":37,"column":66},"end":{"line":37,"column":75}}],"line":37},"18":{"loc":{"start":{"line":139,"column":30},"end":{"line":139,"column":71}},"type":"cond-expr","locations":[{"start":{"line":139,"column":37},"end":{"line":139,"column":64}},{"start":{"line":139,"column":67},"end":{"line":139,"column":71}}],"line":139},"19":{"loc":{"start":{"line":140,"column":31},"end":{"line":140,"column":59}},"type":"cond-expr","locations":[{"start":{"line":140,"column":38},"end":{"line":140,"column":52}},{"start":{"line":140,"column":55},"end":{"line":140,"column":59}}],"line":140}},"s":{"0":2,"1":2,"2":2,"3":0,"4":0,"5":0,"6":0,"7":0,"8":0,"9":0,"10":0,"11":0,"12":0,"13":0,"14":0,"15":0,"16":0,"17":0,"18":0,"19":0,"20":0,"21":0,"22":0,"23":0,"24":0,"25":0,"26":0,"27":0,"28":0,"29":0,"30":0,"31":0,"32":0,"33":2,"34":3,"35":3,"36":3,"37":2,"38":8,"39":1,"40":2,"41":2,"42":2,"43":2,"44":0,"45":0,"46":0,"47":0,"48":0,"49":0,"50":0,"51":0,"52":0,"53":0,"54":0,"55":0,"56":0,"57":0,"58":0,"59":0,"60":0,"61":0,"62":0,"63":0,"64":0,"65":0,"66":0,"67":0,"68":0,"69":2},"f":{"0":0,"1":3,"2":8,"3":2,"4":0,"5":0,"6":0,"7":0},"b":{"0":[0,0],"1":[0,0],"2":[0,0],"3":[0,0],"4":[0,0],"5":[0,0],"6":[0,0],"7":[0,0],"8":[0,0],"9":[0,0],"10":[0,0],"11":[0,0],"12":[0,0],"13":[0,0],"14":[0,3],"15":[0,3],"16":[0,3],"17":[0,3],"18":[0,0],"19":[0,0]},"_coverageSchema":"1a1c01bbd47fc00a2c39e90264f33305004495a9","hash":"c7393ef155466fc2524b460a089c7eac47869be8"}
,"/Users/matias/Desktop/2.5d Map/2.5-interactive-and-general-purpose-map-2/server/src/controllers/pipelineController.js": {"path":"/Users/matias/Desktop/2.5d Map/2.5-interactive-and-general-purpose-map-2/server/src/controllers/pipelineController.js","statementMap":{"0":{"start":{"line":1,"column":24},"end":{"line":1,"column":62}},"1":{"start":{"line":3,"column":27},"end":{"line":65,"column":1}},"2":{"start":{"line":9,"column":8},"end":{"line":21,"column":9}},"3":{"start":{"line":10,"column":31},"end":{"line":10,"column":41}},"4":{"start":{"line":11,"column":27},"end":{"line":11,"column":35}},"5":{"start":{"line":13,"column":27},"end":{"line":13,"column":78}},"6":{"start":{"line":15,"column":12},"end":{"line":18,"column":15}},"7":{"start":{"line":20,"column":12},"end":{"line":20,"column":24}},"8":{"start":{"line":29,"column":8},"end":{"line":46,"column":9}},"9":{"start":{"line":30,"column":30},"end":{"line":30,"column":40}},"10":{"start":{"line":31,"column":27},"end":{"line":31,"column":62}},"11":{"start":{"line":33,"column":12},"end":{"line":38,"column":13}},"12":{"start":{"line":34,"column":16},"end":{"line":37,"column":19}},"13":{"start":{"line":40,"column":12},"end":{"line":43,"column":15}},"14":{"start":{"line":45,"column":12},"end":{"line":45,"column":24}},"15":{"start":{"line":54,"column":8},"end":{"line":63,"column":9}},"16":{"start":{"line":55,"column":25},"end":{"line":55,"column":53}},"17":{"start":{"line":57,"column":12},"end":{"line":60,"column":15}},"18":{"start":{"line":62,"column":12},"end":{"line":62,"column":24}},"19":{"start":{"line":67,"column":0},"end":{"line":67,"column":36}}},"fnMap":{"0":{"name":"(anonymous_0)","decl":{"start":{"line":8,"column":4},"end":{"line":8,"column":5}},"loc":{"start":{"line":8,"column":40},"end":{"line":22,"column":5}},"line":8},"1":{"name":"(anonymous_1)","decl":{"start":{"line":28,"column":4},"end":{"line":28,"column":5}},"loc":{"start":{"line":28,"column":39},"end":{"line":47,"column":5}},"line":28},"2":{"name":"(anonymous_2)","decl":{"start":{"line":53,"column":4},"end":{"line":53,"column":5}},"loc":{"start":{"line":53,"column":35},"end":{"line":64,"column":5}},"line":53}},"branchMap":{"0":{"loc":{"start":{"line":33,"column":12},"end":{"line":38,"column":13}},"type":"if","locations":[{"start":{"line":33,"column":12},"end":{"line":38,"column":13}},{"start":{},"end":{}}],"line":33}},"s":{"0":1,"1":1,"2":0,"3":0,"4":0,"5":0,"6":0,"7":0,"8":0,"9":0,"10":0,"11":0,"12":0,"13":0,"14":0,"15":0,"16":0,"17":0,"18":0,"19":1},"f":{"0":0,"1":0,"2":0},"b":{"0":[0,0]},"_coverageSchema":"1a1c01bbd47fc00a2c39e90264f33305004495a9","hash":"5e525bf31af0ed24203542c0ab52d38ca7dbf417"}
,"/Users/matias/Desktop/2.5d Map/2.5-interactive-and-general-purpose-map-2/server/src/controllers/searchController.js": {"path":"/Users/matias/Desktop/2.5d Map/2.5-interactive-and-general-purpose-map-2/server/src/controllers/searchController.js","statementMap":{"0":{"start":{"line":1,"column":22},"end":{"line":1,"column":58}},"1":{"start":{"line":2,"column":21},"end":{"line":2,"column":58}},"2":{"start":{"line":4,"column":25},"end":{"line":94,"column":1}},"3":{"start":{"line":10,"column":8},"end":{"line":32,"column":9}},"4":{"start":{"line":11,"column":26},"end":{"line":11,"column":35}},"5":{"start":{"line":13,"column":12},"end":{"line":22,"column":13}},"6":{"start":{"line":14,"column":16},"end":{"line":21,"column":19}},"7":{"start":{"line":24,"column":28},"end":{"line":24,"column":57}},"8":{"start":{"line":26,"column":12},"end":{"line":29,"column":15}},"9":{"start":{"line":31,"column":12},"end":{"line":31,"column":24}},"10":{"start":{"line":40,"column":8},"end":{"line":58,"column":9}},"11":{"start":{"line":41,"column":33},"end":{"line":41,"column":42}},"12":{"start":{"line":43,"column":12},"end":{"line":45,"column":13}},"13":{"start":{"line":44,"column":16},"end":{"line":44,"column":86}},"14":{"start":{"line":47,"column":27},"end":{"line":50,"column":13}},"15":{"start":{"line":52,"column":12},"end":{"line":55,"column":15}},"16":{"start":{"line":57,"column":12},"end":{"line":57,"column":24}},"17":{"start":{"line":66,"column":8},"end":{"line":92,"column":9}},"18":{"start":{"line":67,"column":26},"end":{"line":67,"column":35}},"19":{"start":{"line":69,"column":12},"end":{"line":74,"column":13}},"20":{"start":{"line":70,"column":16},"end":{"line":73,"column":19}},"21":{"start":{"line":78,"column":28},"end":{"line":78,"column":57}},"22":{"start":{"line":80,"column":32},"end":{"line":84,"column":13}},"23":{"start":{"line":81,"column":47},"end":{"line":81,"column":92}},"24":{"start":{"line":82,"column":46},"end":{"line":82,"column":90}},"25":{"start":{"line":83,"column":44},"end":{"line":83,"column":86}},"26":{"start":{"line":86,"column":12},"end":{"line":89,"column":15}},"27":{"start":{"line":91,"column":12},"end":{"line":91,"column":24}},"28":{"start":{"line":96,"column":0},"end":{"line":96,"column":34}}},"fnMap":{"0":{"name":"(anonymous_0)","decl":{"start":{"line":9,"column":4},"end":{"line":9,"column":5}},"loc":{"start":{"line":9,"column":33},"end":{"line":33,"column":5}},"line":9},"1":{"name":"(anonymous_1)","decl":{"start":{"line":39,"column":4},"end":{"line":39,"column":5}},"loc":{"start":{"line":39,"column":34},"end":{"line":59,"column":5}},"line":39},"2":{"name":"(anonymous_2)","decl":{"start":{"line":65,"column":4},"end":{"line":65,"column":5}},"loc":{"start":{"line":65,"column":38},"end":{"line":93,"column":5}},"line":65},"3":{"name":"(anonymous_3)","decl":{"start":{"line":81,"column":41},"end":{"line":81,"column":42}},"loc":{"start":{"line":81,"column":47},"end":{"line":81,"column":92}},"line":81},"4":{"name":"(anonymous_4)","decl":{"start":{"line":82,"column":40},"end":{"line":82,"column":41}},"loc":{"start":{"line":82,"column":46},"end":{"line":82,"column":90}},"line":82},"5":{"name":"(anonymous_5)","decl":{"start":{"line":83,"column":38},"end":{"line":83,"column":39}},"loc":{"start":{"line":83,"column":44},"end":{"line":83,"column":86}},"line":83}},"branchMap":{"0":{"loc":{"start":{"line":13,"column":12},"end":{"line":22,"column":13}},"type":"if","locations":[{"start":{"line":13,"column":12},"end":{"line":22,"column":13}},{"start":{},"end":{}}],"line":13},"1":{"loc":{"start":{"line":13,"column":16},"end":{"line":13,"column":34}},"type":"binary-expr","locations":[{"start":{"line":13,"column":16},"end":{"line":13,"column":18}},{"start":{"line":13,"column":22},"end":{"line":13,"column":34}}],"line":13},"2":{"loc":{"start":{"line":43,"column":12},"end":{"line":45,"column":13}},"type":"if","locations":[{"start":{"line":43,"column":12},"end":{"line":45,"column":13}},{"start":{},"end":{}}],"line":43},"3":{"loc":{"start":{"line":43,"column":16},"end":{"line":43,"column":28}},"type":"binary-expr","locations":[{"start":{"line":43,"column":16},"end":{"line":43,"column":20}},{"start":{"line":43,"column":24},"end":{"line":43,"column":28}}],"line":43},"4":{"loc":{"start":{"line":69,"column":12},"end":{"line":74,"column":13}},"type":"if","locations":[{"start":{"line":69,"column":12},"end":{"line":74,"column":13}},{"start":{},"end":{}}],"line":69},"5":{"loc":{"start":{"line":69,"column":16},"end":{"line":69,"column":34}},"type":"binary-expr","locations":[{"start":{"line":69,"column":16},"end":{"line":69,"column":18}},{"start":{"line":69,"column":22},"end":{"line":69,"column":34}}],"line":69}},"s":{"0":1,"1":1,"2":1,"3":0,"4":0,"5":0,"6":0,"7":0,"8":0,"9":0,"10":0,"11":0,"12":0,"13":0,"14":0,"15":0,"16":0,"17":0,"18":0,"19":0,"20":0,"21":0,"22":0,"23":0,"24":0,"25":0,"26":0,"27":0,"28":1},"f":{"0":0,"1":0,"2":0,"3":0,"4":0,"5":0},"b":{"0":[0,0],"1":[0,0],"2":[0,0],"3":[0,0],"4":[0,0],"5":[0,0]},"_coverageSchema":"1a1c01bbd47fc00a2c39e90264f33305004495a9","hash":"fef9b0e81f87b38b74ed5fd1f6f1b4948e5c1822"}
,"/Users/matias/Desktop/2.5d Map/2.5-interactive-and-general-purpose-map-2/server/src/controllers/timelineController.js": {"path":"/Users/matias/Desktop/2.5d Map/2.5-interactive-and-general-purpose-map-2/server/src/controllers/timelineController.js","statementMap":{"0":{"start":{"line":1,"column":24},"end":{"line":1,"column":62}},"1":{"start":{"line":2,"column":21},"end":{"line":2,"column":58}},"2":{"start":{"line":4,"column":27},"end":{"line":163,"column":1}},"3":{"start":{"line":10,"column":8},"end":{"line":32,"column":9}},"4":{"start":{"line":11,"column":28},"end":{"line":18,"column":13}},"5":{"start":{"line":20,"column":27},"end":{"line":20,"column":65}},"6":{"start":{"line":22,"column":12},"end":{"line":29,"column":15}},"7":{"start":{"line":31,"column":12},"end":{"line":31,"column":24}},"8":{"start":{"line":40,"column":8},"end":{"line":48,"column":9}},"9":{"start":{"line":41,"column":26},"end":{"line":41,"column":71}},"10":{"start":{"line":42,"column":12},"end":{"line":45,"column":15}},"11":{"start":{"line":47,"column":12},"end":{"line":47,"column":24}},"12":{"start":{"line":56,"column":8},"end":{"line":81,"column":9}},"13":{"start":{"line":60,"column":30},"end":{"line":71,"column":13}},"14":{"start":{"line":73,"column":26},"end":{"line":73,"column":65}},"15":{"start":{"line":74,"column":12},"end":{"line":78,"column":15}},"16":{"start":{"line":80,"column":12},"end":{"line":80,"column":24}},"17":{"start":{"line":89,"column":8},"end":{"line":110,"column":9}},"18":{"start":{"line":90,"column":30},"end":{"line":90,"column":32}},"19":{"start":{"line":91,"column":12},"end":{"line":91,"column":79}},"20":{"start":{"line":91,"column":46},"end":{"line":91,"column":79}},"21":{"start":{"line":92,"column":12},"end":{"line":92,"column":97}},"22":{"start":{"line":92,"column":52},"end":{"line":92,"column":97}},"23":{"start":{"line":93,"column":12},"end":{"line":93,"column":93}},"24":{"start":{"line":93,"column":51},"end":{"line":93,"column":93}},"25":{"start":{"line":94,"column":12},"end":{"line":94,"column":93}},"26":{"start":{"line":94,"column":51},"end":{"line":94,"column":93}},"27":{"start":{"line":95,"column":12},"end":{"line":95,"column":88}},"28":{"start":{"line":95,"column":49},"end":{"line":95,"column":88}},"29":{"start":{"line":96,"column":12},"end":{"line":96,"column":110}},"30":{"start":{"line":96,"column":57},"end":{"line":96,"column":110}},"31":{"start":{"line":97,"column":12},"end":{"line":97,"column":88}},"32":{"start":{"line":97,"column":49},"end":{"line":97,"column":88}},"33":{"start":{"line":98,"column":12},"end":{"line":98,"column":90}},"34":{"start":{"line":98,"column":50},"end":{"line":98,"column":90}},"35":{"start":{"line":99,"column":12},"end":{"line":99,"column":93}},"36":{"start":{"line":99,"column":51},"end":{"line":99,"column":93}},"37":{"start":{"line":100,"column":12},"end":{"line":100,"column":94}},"38":{"start":{"line":100,"column":51},"end":{"line":100,"column":94}},"39":{"start":{"line":102,"column":26},"end":{"line":102,"column":80}},"40":{"start":{"line":103,"column":12},"end":{"line":107,"column":15}},"41":{"start":{"line":109,"column":12},"end":{"line":109,"column":24}},"42":{"start":{"line":118,"column":8},"end":{"line":126,"column":9}},"43":{"start":{"line":119,"column":12},"end":{"line":119,"column":56}},"44":{"start":{"line":120,"column":12},"end":{"line":123,"column":15}},"45":{"start":{"line":125,"column":12},"end":{"line":125,"column":24}},"46":{"start":{"line":134,"column":8},"end":{"line":161,"column":9}},"47":{"start":{"line":135,"column":76},"end":{"line":135,"column":85}},"48":{"start":{"line":137,"column":12},"end":{"line":139,"column":13}},"49":{"start":{"line":138,"column":16},"end":{"line":138,"column":86}},"50":{"start":{"line":141,"column":28},"end":{"line":146,"column":13}},"51":{"start":{"line":148,"column":27},"end":{"line":153,"column":13}},"52":{"start":{"line":155,"column":12},"end":{"line":158,"column":15}},"53":{"start":{"line":160,"column":12},"end":{"line":160,"column":24}},"54":{"start":{"line":165,"column":0},"end":{"line":165,"column":36}}},"fnMap":{"0":{"name":"(anonymous_0)","decl":{"start":{"line":9,"column":4},"end":{"line":9,"column":5}},"loc":{"start":{"line":9,"column":33},"end":{"line":33,"column":5}},"line":9},"1":{"name":"(anonymous_1)","decl":{"start":{"line":39,"column":4},"end":{"line":39,"column":5}},"loc":{"start":{"line":39,"column":34},"end":{"line":49,"column":5}},"line":39},"2":{"name":"(anonymous_2)","decl":{"start":{"line":55,"column":4},"end":{"line":55,"column":5}},"loc":{"start":{"line":55,"column":33},"end":{"line":82,"column":5}},"line":55},"3":{"name":"(anonymous_3)","decl":{"start":{"line":88,"column":4},"end":{"line":88,"column":5}},"loc":{"start":{"line":88,"column":33},"end":{"line":111,"column":5}},"line":88},"4":{"name":"(anonymous_4)","decl":{"start":{"line":117,"column":4},"end":{"line":117,"column":5}},"loc":{"start":{"line":117,"column":33},"end":{"line":127,"column":5}},"line":117},"5":{"name":"(anonymous_5)","decl":{"start":{"line":133,"column":4},"end":{"line":133,"column":5}},"loc":{"start":{"line":133,"column":36},"end":{"line":162,"column":5}},"line":133}},"branchMap":{"0":{"loc":{"start":{"line":12,"column":22},"end":{"line":12,"column":75}},"type":"cond-expr","locations":[{"start":{"line":12,"column":39},"end":{"line":12,"column":63}},{"start":{"line":12,"column":66},"end":{"line":12,"column":75}}],"line":12},"1":{"loc":{"start":{"line":16,"column":31},"end":{"line":16,"column":104}},"type":"cond-expr","locations":[{"start":{"line":16,"column":58},"end":{"line":16,"column":92}},{"start":{"line":16,"column":95},"end":{"line":16,"column":104}}],"line":16},"2":{"loc":{"start":{"line":17,"column":23},"end":{"line":17,"column":78}},"type":"cond-expr","locations":[{"start":{"line":17,"column":41},"end":{"line":17,"column":66}},{"start":{"line":17,"column":69},"end":{"line":17,"column":78}}],"line":17},"3":{"loc":{"start":{"line":91,"column":12},"end":{"line":91,"column":79}},"type":"if","locations":[{"start":{"line":91,"column":12},"end":{"line":91,"column":79}},{"start":{},"end":{}}],"line":91},"4":{"loc":{"start":{"line":92,"column":12},"end":{"line":92,"column":97}},"type":"if","locations":[{"start":{"line":92,"column":12},"end":{"line":92,"column":97}},{"start":{},"end":{}}],"line":92},"5":{"loc":{"start":{"line":93,"column":12},"end":{"line":93,"column":93}},"type":"if","locations":[{"start":{"line":93,"column":12},"end":{"line":93,"column":93}},{"start":{},"end":{}}],"line":93},"6":{"loc":{"start":{"line":94,"column":12},"end":{"line":94,"column":93}},"type":"if","locations":[{"start":{"line":94,"column":12},"end":{"line":94,"column":93}},{"start":{},"end":{}}],"line":94},"7":{"loc":{"start":{"line":95,"column":12},"end":{"line":95,"column":88}},"type":"if","locations":[{"start":{"line":95,"column":12},"end":{"line":95,"column":88}},{"start":{},"end":{}}],"line":95},"8":{"loc":{"start":{"line":96,"column":12},"end":{"line":96,"column":110}},"type":"if","locations":[{"start":{"line":96,"column":12},"end":{"line":96,"column":110}},{"start":{},"end":{}}],"line":96},"9":{"loc":{"start":{"line":97,"column":12},"end":{"line":97,"column":88}},"type":"if","locations":[{"start":{"line":97,"column":12},"end":{"line":97,"column":88}},{"start":{},"end":{}}],"line":97},"10":{"loc":{"start":{"line":98,"column":12},"end":{"line":98,"column":90}},"type":"if","locations":[{"start":{"line":98,"column":12},"end":{"line":98,"column":90}},{"start":{},"end":{}}],"line":98},"11":{"loc":{"start":{"line":99,"column":12},"end":{"line":99,"column":93}},"type":"if","locations":[{"start":{"line":99,"column":12},"end":{"line":99,"column":93}},{"start":{},"end":{}}],"line":99},"12":{"loc":{"start":{"line":100,"column":12},"end":{"line":100,"column":94}},"type":"if","locations":[{"start":{"line":100,"column":12},"end":{"line":100,"column":94}},{"start":{},"end":{}}],"line":100},"13":{"loc":{"start":{"line":137,"column":12},"end":{"line":139,"column":13}},"type":"if","locations":[{"start":{"line":137,"column":12},"end":{"line":139,"column":13}},{"start":{},"end":{}}],"line":137},"14":{"loc":{"start":{"line":137,"column":16},"end":{"line":137,"column":28}},"type":"binary-expr","locations":[{"start":{"line":137,"column":16},"end":{"line":137,"column":20}},{"start":{"line":137,"column":24},"end":{"line":137,"column":28}}],"line":137},"15":{"loc":{"start":{"line":145,"column":23},"end":{"line":145,"column":58}},"type":"cond-expr","locations":[{"start":{"line":145,"column":31},"end":{"line":145,"column":46}},{"start":{"line":145,"column":49},"end":{"line":145,"column":58}}],"line":145},"16":{"loc":{"start":{"line":151,"column":16},"end":{"line":151,"column":51}},"type":"cond-expr","locations":[{"start":{"line":151,"column":25},"end":{"line":151,"column":43}},{"start":{"line":151,"column":46},"end":{"line":151,"column":51}}],"line":151}},"s":{"0":2,"1":2,"2":2,"3":2,"4":2,"5":2,"6":1,"7":1,"8":1,"9":1,"10":1,"11":0,"12":1,"13":1,"14":1,"15":1,"16":0,"17":1,"18":1,"19":1,"20":1,"21":1,"22":0,"23":1,"24":0,"25":1,"26":0,"27":1,"28":0,"29":1,"30":0,"31":1,"32":0,"33":1,"34":0,"35":1,"36":0,"37":1,"38":0,"39":1,"40":1,"41":0,"42":1,"43":1,"44":1,"45":0,"46":0,"47":0,"48":0,"49":0,"50":0,"51":0,"52":0,"53":0,"54":2},"f":{"0":2,"1":1,"2":1,"3":1,"4":1,"5":0},"b":{"0":[1,1],"1":[0,2],"2":[0,2],"3":[1,0],"4":[0,1],"5":[0,1],"6":[0,1],"7":[0,1],"8":[0,1],"9":[0,1],"10":[0,1],"11":[0,1],"12":[0,1],"13":[0,0],"14":[0,0],"15":[0,0],"16":[0,0]},"_coverageSchema":"1a1c01bbd47fc00a2c39e90264f33305004495a9","hash":"3c020189a3308aa891f30966f2a1269b00bb3d98"}
,"/Users/matias/Desktop/2.5d Map/2.5-interactive-and-general-purpose-map-2/server/src/middleware/auth.js": {"path":"/Users/matias/Desktop/2.5d Map/2.5-interactive-and-general-purpose-map-2/server/src/middleware/auth.js","statementMap":{"0":{"start":{"line":1,"column":12},"end":{"line":1,"column":35}},"1":{"start":{"line":2,"column":17},"end":{"line":2,"column":37}},"2":{"start":{"line":3,"column":21},"end":{"line":3,"column":46}},"3":{"start":{"line":4,"column":15},"end":{"line":4,"column":41}},"4":{"start":{"line":7,"column":0},"end":{"line":42,"column":2}},"5":{"start":{"line":10,"column":4},"end":{"line":15,"column":5}},"6":{"start":{"line":14,"column":8},"end":{"line":14,"column":56}},"7":{"start":{"line":17,"column":4},"end":{"line":19,"column":5}},"8":{"start":{"line":18,"column":8},"end":{"line":18,"column":78}},"9":{"start":{"line":21,"column":4},"end":{"line":41,"column":5}},"10":{"start":{"line":23,"column":24},"end":{"line":23,"column":89}},"11":{"start":{"line":26,"column":21},"end":{"line":26,"column":52}},"12":{"start":{"line":27,"column":8},"end":{"line":29,"column":9}},"13":{"start":{"line":28,"column":12},"end":{"line":28,"column":61}},"14":{"start":{"line":32,"column":8},"end":{"line":34,"column":9}},"15":{"start":{"line":33,"column":12},"end":{"line":33,"column":74}},"16":{"start":{"line":36,"column":8},"end":{"line":36,"column":24}},"17":{"start":{"line":37,"column":8},"end":{"line":37,"column":15}},"18":{"start":{"line":39,"column":8},"end":{"line":39,"column":51}},"19":{"start":{"line":40,"column":8},"end":{"line":40,"column":78}},"20":{"start":{"line":45,"column":0},"end":{"line":61,"column":2}},"21":{"start":{"line":46,"column":4},"end":{"line":60,"column":6}},"22":{"start":{"line":47,"column":8},"end":{"line":49,"column":9}},"23":{"start":{"line":48,"column":12},"end":{"line":48,"column":69}},"24":{"start":{"line":51,"column":8},"end":{"line":58,"column":9}},"25":{"start":{"line":52,"column":12},"end":{"line":57,"column":14}},"26":{"start":{"line":59,"column":8},"end":{"line":59,"column":15}}},"fnMap":{"0":{"name":"(anonymous_0)","decl":{"start":{"line":7,"column":23},"end":{"line":7,"column":24}},"loc":{"start":{"line":7,"column":49},"end":{"line":42,"column":1}},"line":7},"1":{"name":"(anonymous_1)","decl":{"start":{"line":45,"column":20},"end":{"line":45,"column":21}},"loc":{"start":{"line":45,"column":34},"end":{"line":61,"column":1}},"line":45},"2":{"name":"(anonymous_2)","decl":{"start":{"line":46,"column":11},"end":{"line":46,"column":12}},"loc":{"start":{"line":46,"column":31},"end":{"line":60,"column":5}},"line":46}},"branchMap":{"0":{"loc":{"start":{"line":10,"column":4},"end":{"line":15,"column":5}},"type":"if","locations":[{"start":{"line":10,"column":4},"end":{"line":15,"column":5}},{"start":{},"end":{}}],"line":10},"1":{"loc":{"start":{"line":11,"column":8},"end":{"line":12,"column":54}},"type":"binary-expr","locations":[{"start":{"line":11,"column":8},"end":{"line":11,"column":33}},{"start":{"line":12,"column":8},"end":{"line":12,"column":54}}],"line":11},"2":{"loc":{"start":{"line":17,"column":4},"end":{"line":19,"column":5}},"type":"if","locations":[{"start":{"line":17,"column":4},"end":{"line":19,"column":5}},{"start":{},"end":{}}],"line":17},"3":{"loc":{"start":{"line":23,"column":42},"end":{"line":23,"column":88}},"type":"binary-expr","locations":[{"start":{"line":23,"column":42},"end":{"line":23,"column":64}},{"start":{"line":23,"column":68},"end":{"line":23,"column":88}}],"line":23},"4":{"loc":{"start":{"line":27,"column":8},"end":{"line":29,"column":9}},"type":"if","locations":[{"start":{"line":27,"column":8},"end":{"line":29,"column":9}},{"start":{},"end":{}}],"line":27},"5":{"loc":{"start":{"line":32,"column":8},"end":{"line":34,"column":9}},"type":"if","locations":[{"start":{"line":32,"column":8},"end":{"line":34,"column":9}},{"start":{},"end":{}}],"line":32},"6":{"loc":{"start":{"line":47,"column":8},"end":{"line":49,"column":9}},"type":"if","locations":[{"start":{"line":47,"column":8},"end":{"line":49,"column":9}},{"start":{},"end":{}}],"line":47},"7":{"loc":{"start":{"line":51,"column":8},"end":{"line":58,"column":9}},"type":"if","locations":[{"start":{"line":51,"column":8},"end":{"line":58,"column":9}},{"start":{},"end":{}}],"line":51}},"s":{"0":1,"1":1,"2":1,"3":1,"4":1,"5":0,"6":0,"7":0,"8":0,"9":0,"10":0,"11":0,"12":0,"13":0,"14":0,"15":0,"16":0,"17":0,"18":0,"19":0,"20":1,"21":6,"22":0,"23":0,"24":0,"25":0,"26":0},"f":{"0":0,"1":6,"2":0},"b":{"0":[0,0],"1":[0,0],"2":[0,0],"3":[0,0],"4":[0,0],"5":[0,0],"6":[0,0],"7":[0,0]},"_coverageSchema":"1a1c01bbd47fc00a2c39e90264f33305004495a9","hash":"712d7c04f0b605f6d63851d8c923a69c502e4dd7"}
,"/Users/matias/Desktop/2.5d Map/2.5-interactive-and-general-purpose-map-2/server/src/middleware/errorHandler.js": {"path":"/Users/matias/Desktop/2.5d Map/2.5-interactive-and-general-purpose-map-2/server/src/middleware/errorHandler.js","statementMap":{"0":{"start":{"line":3,"column":8},"end":{"line":3,"column":23}},"1":{"start":{"line":4,"column":8},"end":{"line":4,"column":37}},"2":{"start":{"line":5,"column":8},"end":{"line":5,"column":34}},"3":{"start":{"line":6,"column":8},"end":{"line":6,"column":56}},"4":{"start":{"line":10,"column":21},"end":{"line":35,"column":1}},"5":{"start":{"line":11,"column":4},"end":{"line":11,"column":43}},"6":{"start":{"line":12,"column":4},"end":{"line":12,"column":39}},"7":{"start":{"line":14,"column":4},"end":{"line":34,"column":5}},"8":{"start":{"line":15,"column":8},"end":{"line":20,"column":11}},"9":{"start":{"line":22,"column":8},"end":{"line":33,"column":9}},"10":{"start":{"line":23,"column":12},"end":{"line":26,"column":15}},"11":{"start":{"line":28,"column":12},"end":{"line":28,"column":43}},"12":{"start":{"line":29,"column":12},"end":{"line":32,"column":15}},"13":{"start":{"line":37,"column":0},"end":{"line":37,"column":44}}},"fnMap":{"0":{"name":"(anonymous_0)","decl":{"start":{"line":2,"column":4},"end":{"line":2,"column":5}},"loc":{"start":{"line":2,"column":37},"end":{"line":7,"column":5}},"line":2},"1":{"name":"(anonymous_1)","decl":{"start":{"line":10,"column":21},"end":{"line":10,"column":22}},"loc":{"start":{"line":10,"column":46},"end":{"line":35,"column":1}},"line":10}},"branchMap":{"0":{"loc":{"start":{"line":11,"column":21},"end":{"line":11,"column":42}},"type":"binary-expr","locations":[{"start":{"line":11,"column":21},"end":{"line":11,"column":35}},{"start":{"line":11,"column":39},"end":{"line":11,"column":42}}],"line":11},"1":{"loc":{"start":{"line":12,"column":17},"end":{"line":12,"column":38}},"type":"binary-expr","locations":[{"start":{"line":12,"column":17},"end":{"line":12,"column":27}},{"start":{"line":12,"column":31},"end":{"line":12,"column":38}}],"line":12},"2":{"loc":{"start":{"line":14,"column":4},"end":{"line":34,"column":5}},"type":"if","locations":[{"start":{"line":14,"column":4},"end":{"line":34,"column":5}},{"start":{"line":21,"column":11},"end":{"line":34,"column":5}}],"line":14},"3":{"loc":{"start":{"line":22,"column":8},"end":{"line":33,"column":9}},"type":"if","locations":[{"start":{"line":22,"column":8},"end":{"line":33,"column":9}},{"start":{"line":27,"column":15},"end":{"line":33,"column":9}}],"line":22}},"s":{"0":3,"1":3,"2":3,"3":3,"4":8,"5":0,"6":0,"7":0,"8":0,"9":0,"10":0,"11":0,"12":0,"13":8},"f":{"0":3,"1":0},"b":{"0":[0,0],"1":[0,0],"2":[0,0],"3":[0,0]},"_coverageSchema":"1a1c01bbd47fc00a2c39e90264f33305004495a9","hash":"6918f1c2c5c148124b18e682c52cd83315182ad6"}
,"/Users/matias/Desktop/2.5d Map/2.5-interactive-and-general-purpose-map-2/server/src/middleware/validation.js": {"path":"/Users/matias/Desktop/2.5d Map/2.5-interactive-and-general-purpose-map-2/server/src/middleware/validation.js","statementMap":{"0":{"start":{"line":1,"column":0},"end":{"line":4,"column":2}},"1":{"start":{"line":2,"column":32},"end":{"line":2,"column":38}},"2":{"start":{"line":3,"column":32},"end":{"line":3,"column":38}}},"fnMap":{"0":{"name":"(anonymous_0)","decl":{"start":{"line":2,"column":12},"end":{"line":2,"column":13}},"loc":{"start":{"line":2,"column":32},"end":{"line":2,"column":38}},"line":2},"1":{"name":"(anonymous_1)","decl":{"start":{"line":3,"column":12},"end":{"line":3,"column":13}},"loc":{"start":{"line":3,"column":32},"end":{"line":3,"column":38}},"line":3}},"branchMap":{},"s":{"0":1,"1":0,"2":0},"f":{"0":0,"1":0},"b":{},"_coverageSchema":"1a1c01bbd47fc00a2c39e90264f33305004495a9","hash":"bf8663a99dd8f9e3cd92c58bbea183aee770f389"}
,"/Users/matias/Desktop/2.5d Map/2.5-interactive-and-general-purpose-map-2/server/src/models/GeoFeature.js": {"path":"/Users/matias/Desktop/2.5d Map/2.5-interactive-and-general-purpose-map-2/server/src/models/GeoFeature.js","statementMap":{"0":{"start":{"line":1,"column":22},"end":{"line":1,"column":42}},"1":{"start":{"line":2,"column":22},"end":{"line":2,"column":52}},"2":{"start":{"line":4,"column":17},"end":{"line":4,"column":52}},"3":{"start":{"line":10,"column":19},"end":{"line":98,"column":2}},"4":{"start":{"line":93,"column":12},"end":{"line":95,"column":13}},"5":{"start":{"line":94,"column":16},"end":{"line":94,"column":69}},"6":{"start":{"line":101,"column":0},"end":{"line":109,"column":2}},"7":{"start":{"line":102,"column":22},"end":{"line":102,"column":36}},"8":{"start":{"line":103,"column":17},"end":{"line":103,"column":65}},"9":{"start":{"line":104,"column":15},"end":{"line":104,"column":59}},"10":{"start":{"line":106,"column":4},"end":{"line":106,"column":47}},"11":{"start":{"line":106,"column":34},"end":{"line":106,"column":47}},"12":{"start":{"line":107,"column":4},"end":{"line":107,"column":43}},"13":{"start":{"line":107,"column":30},"end":{"line":107,"column":43}},"14":{"start":{"line":108,"column":4},"end":{"line":108,"column":16}},"15":{"start":{"line":111,"column":0},"end":{"line":125,"column":2}},"16":{"start":{"line":112,"column":4},"end":{"line":124,"column":6}},"17":{"start":{"line":128,"column":0},"end":{"line":132,"column":3}},"18":{"start":{"line":134,"column":0},"end":{"line":140,"column":3}},"19":{"start":{"line":142,"column":0},"end":{"line":153,"column":4}},"20":{"start":{"line":142,"column":42},"end":{"line":153,"column":1}},"21":{"start":{"line":156,"column":0},"end":{"line":219,"column":2}},"22":{"start":{"line":157,"column":36},"end":{"line":157,"column":43}},"23":{"start":{"line":159,"column":4},"end":{"line":184,"column":5}},"24":{"start":{"line":163,"column":22},"end":{"line":163,"column":24}},"25":{"start":{"line":164,"column":8},"end":{"line":164,"column":45}},"26":{"start":{"line":164,"column":21},"end":{"line":164,"column":45}},"27":{"start":{"line":165,"column":8},"end":{"line":165,"column":36}},"28":{"start":{"line":165,"column":18},"end":{"line":165,"column":36}},"29":{"start":{"line":168,"column":8},"end":{"line":182,"column":9}},"30":{"start":{"line":169,"column":29},"end":{"line":169,"column":54}},"31":{"start":{"line":170,"column":12},"end":{"line":173,"column":14}},"32":{"start":{"line":174,"column":12},"end":{"line":181,"column":14}},"33":{"start":{"line":183,"column":8},"end":{"line":183,"column":45}},"34":{"start":{"line":186,"column":18},"end":{"line":196,"column":5}},"35":{"start":{"line":198,"column":4},"end":{"line":198,"column":41}},"36":{"start":{"line":198,"column":17},"end":{"line":198,"column":41}},"37":{"start":{"line":199,"column":4},"end":{"line":199,"column":32}},"38":{"start":{"line":199,"column":14},"end":{"line":199,"column":32}},"39":{"start":{"line":202,"column":4},"end":{"line":216,"column":5}},"40":{"start":{"line":203,"column":25},"end":{"line":203,"column":50}},"41":{"start":{"line":204,"column":8},"end":{"line":207,"column":10}},"42":{"start":{"line":208,"column":8},"end":{"line":215,"column":10}},"43":{"start":{"line":218,"column":4},"end":{"line":218,"column":41}},"44":{"start":{"line":221,"column":0},"end":{"line":271,"column":2}},"45":{"start":{"line":222,"column":42},"end":{"line":222,"column":49}},"46":{"start":{"line":224,"column":4},"end":{"line":227,"column":5}},"47":{"start":{"line":226,"column":8},"end":{"line":226,"column":18}},"48":{"start":{"line":229,"column":18},"end":{"line":239,"column":5}},"49":{"start":{"line":241,"column":4},"end":{"line":241,"column":41}},"50":{"start":{"line":241,"column":17},"end":{"line":241,"column":41}},"51":{"start":{"line":243,"column":4},"end":{"line":249,"column":5}},"52":{"start":{"line":244,"column":25},"end":{"line":244,"column":50}},"53":{"start":{"line":245,"column":8},"end":{"line":248,"column":10}},"54":{"start":{"line":251,"column":4},"end":{"line":270,"column":7}},"55":{"start":{"line":273,"column":0},"end":{"line":273,"column":28}}},"fnMap":{"0":{"name":"(anonymous_0)","decl":{"start":{"line":92,"column":8},"end":{"line":92,"column":9}},"loc":{"start":{"line":92,"column":25},"end":{"line":96,"column":9}},"line":92},"1":{"name":"(anonymous_1)","decl":{"start":{"line":101,"column":33},"end":{"line":101,"column":34}},"loc":{"start":{"line":101,"column":49},"end":{"line":109,"column":1}},"line":101},"2":{"name":"(anonymous_2)","decl":{"start":{"line":111,"column":33},"end":{"line":111,"column":34}},"loc":{"start":{"line":111,"column":45},"end":{"line":125,"column":1}},"line":111},"3":{"name":"(anonymous_3)","decl":{"start":{"line":142,"column":31},"end":{"line":142,"column":32}},"loc":{"start":{"line":142,"column":42},"end":{"line":153,"column":1}},"line":142},"4":{"name":"(anonymous_4)","decl":{"start":{"line":156,"column":24},"end":{"line":156,"column":25}},"loc":{"start":{"line":156,"column":60},"end":{"line":219,"column":1}},"line":156},"5":{"name":"(anonymous_5)","decl":{"start":{"line":221,"column":27},"end":{"line":221,"column":28}},"loc":{"start":{"line":221,"column":81},"end":{"line":271,"column":1}},"line":221}},"branchMap":{"0":{"loc":{"start":{"line":38,"column":14},"end":{"line":38,"column":78}},"type":"cond-expr","locations":[{"start":{"line":38,"column":25},"end":{"line":38,"column":39}},{"start":{"line":38,"column":42},"end":{"line":38,"column":78}}],"line":38},"1":{"loc":{"start":{"line":59,"column":13},"end":{"line":90,"column":5}},"type":"cond-expr","locations":[{"start":{"line":59,"column":24},"end":{"line":72,"column":5}},{"start":{"line":72,"column":8},"end":{"line":90,"column":5}}],"line":59},"2":{"loc":{"start":{"line":93,"column":12},"end":{"line":95,"column":13}},"type":"if","locations":[{"start":{"line":93,"column":12},"end":{"line":95,"column":13}},{"start":{},"end":{}}],"line":93},"3":{"loc":{"start":{"line":93,"column":16},"end":{"line":93,"column":79}},"type":"binary-expr","locations":[{"start":{"line":93,"column":16},"end":{"line":93,"column":28}},{"start":{"line":93,"column":32},"end":{"line":93,"column":46}},{"start":{"line":93,"column":50},"end":{"line":93,"column":79}}],"line":93},"4":{"loc":{"start":{"line":103,"column":17},"end":{"line":103,"column":65}},"type":"cond-expr","locations":[{"start":{"line":103,"column":34},"end":{"line":103,"column":58}},{"start":{"line":103,"column":61},"end":{"line":103,"column":65}}],"line":103},"5":{"loc":{"start":{"line":104,"column":15},"end":{"line":104,"column":59}},"type":"cond-expr","locations":[{"start":{"line":104,"column":30},"end":{"line":104,"column":52}},{"start":{"line":104,"column":55},"end":{"line":104,"column":59}}],"line":104},"6":{"loc":{"start":{"line":106,"column":4},"end":{"line":106,"column":47}},"type":"if","locations":[{"start":{"line":106,"column":4},"end":{"line":106,"column":47}},{"start":{},"end":{}}],"line":106},"7":{"loc":{"start":{"line":106,"column":8},"end":{"line":106,"column":32}},"type":"binary-expr","locations":[{"start":{"line":106,"column":8},"end":{"line":106,"column":12}},{"start":{"line":106,"column":16},"end":{"line":106,"column":32}}],"line":106},"8":{"loc":{"start":{"line":107,"column":4},"end":{"line":107,"column":43}},"type":"if","locations":[{"start":{"line":107,"column":4},"end":{"line":107,"column":43}},{"start":{},"end":{}}],"line":107},"9":{"loc":{"start":{"line":107,"column":8},"end":{"line":107,"column":28}},"type":"binary-expr","locations":[{"start":{"line":107,"column":8},"end":{"line":107,"column":10}},{"start":{"line":107,"column":14},"end":{"line":107,"column":28}}],"line":107},"10":{"loc":{"start":{"line":156,"column":46},"end":{"line":156,"column":58}},"type":"default-arg","locations":[{"start":{"line":156,"column":56},"end":{"line":156,"column":58}}],"line":156},"11":{"loc":{"start":{"line":159,"column":4},"end":{"line":184,"column":5}},"type":"if","locations":[{"start":{"line":159,"column":4},"end":{"line":184,"column":5}},{"start":{},"end":{}}],"line":159},"12":{"loc":{"start":{"line":164,"column":8},"end":{"line":164,"column":45}},"type":"if","locations":[{"start":{"line":164,"column":8},"end":{"line":164,"column":45}},{"start":{},"end":{}}],"line":164},"13":{"loc":{"start":{"line":165,"column":8},"end":{"line":165,"column":36}},"type":"if","locations":[{"start":{"line":165,"column":8},"end":{"line":165,"column":36}},{"start":{},"end":{}}],"line":165},"14":{"loc":{"start":{"line":168,"column":8},"end":{"line":182,"column":9}},"type":"if","locations":[{"start":{"line":168,"column":8},"end":{"line":182,"column":9}},{"start":{},"end":{}}],"line":168},"15":{"loc":{"start":{"line":198,"column":4},"end":{"line":198,"column":41}},"type":"if","locations":[{"start":{"line":198,"column":4},"end":{"line":198,"column":41}},{"start":{},"end":{}}],"line":198},"16":{"loc":{"start":{"line":199,"column":4},"end":{"line":199,"column":32}},"type":"if","locations":[{"start":{"line":199,"column":4},"end":{"line":199,"column":32}},{"start":{},"end":{}}],"line":199},"17":{"loc":{"start":{"line":202,"column":4},"end":{"line":216,"column":5}},"type":"if","locations":[{"start":{"line":202,"column":4},"end":{"line":216,"column":5}},{"start":{},"end":{}}],"line":202},"18":{"loc":{"start":{"line":221,"column":67},"end":{"line":221,"column":79}},"type":"default-arg","locations":[{"start":{"line":221,"column":77},"end":{"line":221,"column":79}}],"line":221},"19":{"loc":{"start":{"line":222,"column":27},"end":{"line":222,"column":37}},"type":"default-arg","locations":[{"start":{"line":222,"column":35},"end":{"line":222,"column":37}}],"line":222},"20":{"loc":{"start":{"line":224,"column":4},"end":{"line":227,"column":5}},"type":"if","locations":[{"start":{"line":224,"column":4},"end":{"line":227,"column":5}},{"start":{},"end":{}}],"line":224},"21":{"loc":{"start":{"line":241,"column":4},"end":{"line":241,"column":41}},"type":"if","locations":[{"start":{"line":241,"column":4},"end":{"line":241,"column":41}},{"start":{},"end":{}}],"line":241},"22":{"loc":{"start":{"line":243,"column":4},"end":{"line":249,"column":5}},"type":"if","locations":[{"start":{"line":243,"column":4},"end":{"line":249,"column":5}},{"start":{},"end":{}}],"line":243}},"s":{"0":5,"1":5,"2":5,"3":5,"4":0,"5":0,"6":5,"7":0,"8":0,"9":0,"10":0,"11":0,"12":0,"13":0,"14":0,"15":5,"16":0,"17":5,"18":5,"19":5,"20":0,"21":5,"22":0,"23":0,"24":0,"25":0,"26":0,"27":0,"28":0,"29":0,"30":0,"31":0,"32":0,"33":0,"34":0,"35":0,"36":0,"37":0,"38":0,"39":0,"40":0,"41":0,"42":0,"43":0,"44":5,"45":0,"46":0,"47":0,"48":0,"49":0,"50":0,"51":0,"52":0,"53":0,"54":0,"55":5},"f":{"0":0,"1":0,"2":0,"3":0,"4":0,"5":0},"b":{"0":[0,5],"1":[0,5],"2":[0,0],"3":[0,0,0],"4":[0,0],"5":[0,0],"6":[0,0],"7":[0,0],"8":[0,0],"9":[0,0],"10":[0],"11":[0,0],"12":[0,0],"13":[0,0],"14":[0,0],"15":[0,0],"16":[0,0],"17":[0,0],"18":[0],"19":[0],"20":[0,0],"21":[0,0],"22":[0,0]},"_coverageSchema":"1a1c01bbd47fc00a2c39e90264f33305004495a9","hash":"dd04f5e2ae56ad1d462d631ab51798db6c624a5d"}
,"/Users/matias/Desktop/2.5d Map/2.5-interactive-and-general-purpose-map-2/server/src/models/Layer.js": {"path":"/Users/matias/Desktop/2.5d Map/2.5-interactive-and-general-purpose-map-2/server/src/models/Layer.js","statementMap":{"0":{"start":{"line":1,"column":22},"end":{"line":1,"column":42}},"1":{"start":{"line":2,"column":22},"end":{"line":2,"column":52}},"2":{"start":{"line":8,"column":14},"end":{"line":100,"column":2}},"3":{"start":{"line":103,"column":0},"end":{"line":109,"column":2}},"4":{"start":{"line":104,"column":4},"end":{"line":108,"column":7}},"5":{"start":{"line":111,"column":0},"end":{"line":111,"column":23}}},"fnMap":{"0":{"name":"(anonymous_0)","decl":{"start":{"line":103,"column":18},"end":{"line":103,"column":19}},"loc":{"start":{"line":103,"column":30},"end":{"line":109,"column":1}},"line":103}},"branchMap":{},"s":{"0":6,"1":6,"2":6,"3":6,"4":0,"5":6},"f":{"0":0},"b":{},"_coverageSchema":"1a1c01bbd47fc00a2c39e90264f33305004495a9","hash":"735df52feeed3f115346a1fe33476e1f313199bc"}
,"/Users/matias/Desktop/2.5d Map/2.5-interactive-and-general-purpose-map-2/server/src/models/TimelineEvent.js": {"path":"/Users/matias/Desktop/2.5d Map/2.5-interactive-and-general-purpose-map-2/server/src/models/TimelineEvent.js","statementMap":{"0":{"start":{"line":1,"column":22},"end":{"line":1,"column":42}},"1":{"start":{"line":2,"column":22},"end":{"line":2,"column":52}},"2":{"start":{"line":4,"column":17},"end":{"line":4,"column":52}},"3":{"start":{"line":10,"column":22},"end":{"line":123,"column":2}},"4":{"start":{"line":126,"column":0},"end":{"line":128,"column":2}},"5":{"start":{"line":127,"column":4},"end":{"line":127,"column":74}},"6":{"start":{"line":131,"column":0},"end":{"line":146,"column":2}},"7":{"start":{"line":132,"column":19},"end":{"line":132,"column":48}},"8":{"start":{"line":135,"column":4},"end":{"line":135,"column":30}},"9":{"start":{"line":138,"column":4},"end":{"line":143,"column":5}},"10":{"start":{"line":139,"column":8},"end":{"line":142,"column":10}},"11":{"start":{"line":145,"column":4},"end":{"line":145,"column":18}},"12":{"start":{"line":149,"column":0},"end":{"line":155,"column":3}},"13":{"start":{"line":157,"column":0},"end":{"line":159,"column":4}},"14":{"start":{"line":157,"column":44},"end":{"line":159,"column":1}},"15":{"start":{"line":161,"column":0},"end":{"line":177,"column":3}},"16":{"start":{"line":162,"column":4},"end":{"line":170,"column":5}},"17":{"start":{"line":163,"column":8},"end":{"line":169,"column":10}},"18":{"start":{"line":171,"column":4},"end":{"line":176,"column":6}},"19":{"start":{"line":179,"column":0},"end":{"line":185,"column":4}},"20":{"start":{"line":179,"column":63},"end":{"line":185,"column":1}},"21":{"start":{"line":187,"column":0},"end":{"line":194,"column":3}},"22":{"start":{"line":197,"column":0},"end":{"line":201,"column":2}},"23":{"start":{"line":198,"column":4},"end":{"line":200,"column":7}},"24":{"start":{"line":203,"column":0},"end":{"line":224,"column":2}},"25":{"start":{"line":204,"column":43},"end":{
[...]
line":216,"column":46}}],"line":216},"15":{"loc":{"start":{"line":216,"column":48},"end":{"line":216,"column":59}},"type":"default-arg","locations":[{"start":{"line":216,"column":55},"end":{"line":216,"column":59}}],"line":216},"16":{"loc":{"start":{"line":230,"column":20},"end":{"line":230,"column":48}},"type":"binary-expr","locations":[{"start":{"line":230,"column":20},"end":{"line":230,"column":24}},{"start":{"line":230,"column":28},"end":{"line":230,"column":48}}],"line":230},"17":{"loc":{"start":{"line":236,"column":55},"end":{"line":236,"column":83}},"type":"binary-expr","locations":[{"start":{"line":236,"column":55},"end":{"line":236,"column":59}},{"start":{"line":236,"column":63},"end":{"line":236,"column":83}}],"line":236},"18":{"loc":{"start":{"line":244,"column":12},"end":{"line":244,"column":55}},"type":"if","locations":[{"start":{"line":244,"column":12},"end":{"line":244,"column":55}},{"start":{},"end":{}}],"line":244}},"s":{"0":3,"1":3,"2":3,"3":3,"4":3,"5":1,"6":2,"7":2,"8":2,"9":2,"10":2,"11":2,"12":0,"13":2,"14":0,"15":2,"16":0,"17":2,"18":0,"19":2,"20":1,"21":1,"22":1,"23":1,"24":1,"25":0,"26":0,"27":1,"28":0,"29":0,"30":1,"31":0,"32":0,"33":1,"34":0,"35":0,"36":1,"37":0,"38":0,"39":2,"40":2,"41":2,"42":2,"43":2,"44":1,"45":1,"46":1,"47":1,"48":0,"49":0,"50":1,"51":1,"52":1,"53":1,"54":1,"55":0,"56":0,"57":0,"58":0,"59":0,"60":0,"61":0,"62":0,"63":0,"64":0,"65":0,"66":0,"67":0,"68":0,"69":0,"70":0,"71":0,"72":0,"73":0,"74":0,"75":0,"76":0,"77":0,"78":0,"79":0,"80":0,"81":0,"82":0,"83":0,"84":0,"85":0,"86":0,"87":0,"88":0,"89":0,"90":0,"91":0,"92":0,"93":0,"94":3},"f":{"0":1,"1":2,"2":2,"3":0,"4":0,"5":0,"6":0,"7":2,"8":2,"9":1,"10":0,"11":0,"12":0},"b":{"0":[2],"1":[0,2],"2":[0,2],"3":[0,2],"4":[0,2],"5":[0,1],"6":[0,1],"7":[0,1],"8":[0,1],"9":[1,1],"10":[1,0],"11":[0,0],"12":[0,0],"13":[0,0],"14":[0],"15":[0],"16":[0,0],"17":[0,0],"18":[0,0]},"_coverageSchema":"1a1c01bbd47fc00a2c39e90264f33305004495a9","hash":"4737e152165de1ba324a617c5a37d2e9002340fa"}
,"/Users/matias/Desktop/2.5d Map/2.5-interactive-and-general-purpose-map-2/server/src/services/searchService.js": {"path":"/Users/matias/Desktop/2.5d Map/2.5-interactive-and-general-purpose-map-2/server/src/services/searchService.js","statementMap":{"0":{"start":{"line":1,"column":38},"end":{"line":1,"column":58}},"1":{"start":{"line":2,"column":15},"end":{"line":2,"column":35}},"2":{"start":{"line":3,"column":15},"end":{"line":3,"column":41}},"3":{"start":{"line":4,"column":18},"end":{"line":4,"column":43}},"4":{"start":{"line":7,"column":22},"end":{"line":7,"column":59}},"5":{"start":{"line":16,"column":8},"end":{"line":54,"column":9}},"6":{"start":{"line":17,"column":29},"end":{"line":17,"column":49}},"7":{"start":{"line":21,"column":27},"end":{"line":27,"column":14}},"8":{"start":{"line":29,"column":29},"end":{"line":33,"column":14}},"9":{"start":{"line":35,"column":12},"end":{"line":37,"column":13}},"10":{"start":{"line":36,"column":16},"end":{"line":36,"column":79}},"11":{"start":{"line":39,"column":25},"end":{"line":39,"column":46}},"12":{"start":{"line":41,"column":12},"end":{"line":50,"column":16}},"13":{"start":{"line":41,"column":37},"end":{"line":50,"column":13}},"14":{"start":{"line":52,"column":12},"end":{"line":52,"column":61}},"15":{"start":{"line":53,"column":12},"end":{"line":53,"column":22}},"16":{"start":{"line":64,"column":8},"end":{"line":87,"column":9}},"17":{"start":{"line":65,"column":27},"end":{"line":71,"column":14}},"18":{"start":{"line":73,"column":29},"end":{"line":77,"column":14}},"19":{"start":{"line":79,"column":12},"end":{"line":81,"column":13}},"20":{"start":{"line":80,"column":16},"end":{"line":80,"column":79}},"21":{"start":{"line":83,"column":12},"end":{"line":83,"column":41}},"22":{"start":{"line":85,"column":12},"end":{"line":85,"column":60}},"23":{"start":{"line":86,"column":12},"end":{"line":86,"column":24}},"24":{"start":{"line":96,"column":8},"end":{"line":137,"column":9}},"25":{"start":{"line":97,"column":29},"end":{"line":105,"column":14}},"26":{"start":{"line":107,"column":27},"end":{"line":115,"column":14}},"27":{"start":{"line":117,"column":12},"end":{"line":132,"column":14}},"28":{"start":{"line":118,"column":45},"end":{"line":124,"column":17}},"29":{"start":{"line":125,"column":41},"end":{"line":131,"column":17}},"30":{"start":{"line":134,"column":12},"end":{"line":134,"column":57}},"31":{"start":{"line":136,"column":12},"end":{"line":136,"column":48}},"32":{"start":{"line":146,"column":49},"end":{"line":149,"column":10}},"33":{"start":{"line":151,"column":8},"end":{"line":155,"column":10}},"34":{"start":{"line":159,"column":0},"end":{"line":159,"column":37}}},"fnMap":{"0":{"name":"(anonymous_0)","decl":{"start":{"line":15,"column":4},"end":{"line":15,"column":5}},"loc":{"start":{"line":15,"column":33},"end":{"line":55,"column":5}},"line":15},"1":{"name":"(anonymous_1)","decl":{"start":{"line":41,"column":28},"end":{"line":41,"column":29}},"loc":{"start":{"line":41,"column":37},"end":{"line":50,"column":13}},"line":41},"2":{"name":"(anonymous_2)","decl":{"start":{"line":63,"column":4},"end":{"line":63,"column":5}},"loc":{"start":{"line":63,"column":35},"end":{"line":88,"column":5}},"line":63},"3":{"name":"(anonymous_3)","decl":{"start":{"line":95,"column":4},"end":{"line":95,"column":5}},"loc":{"start":{"line":95,"column":29},"end":{"line":138,"column":5}},"line":95},"4":{"name":"(anonymous_4)","decl":{"start":{"line":118,"column":39},"end":{"line":118,"column":40}},"loc":{"start":{"line":118,"column":45},"end":{"line":124,"column":17}},"line":118},"5":{"name":"(anonymous_5)","decl":{"start":{"line":125,"column":35},"end":{"line":125,"column":36}},"loc":{"start":{"line":125,"column":41},"end":{"line":131,"column":17}},"line":125},"6":{"name":"(anonymous_6)","decl":{"start":{"line":145,"column":4},"end":{"line":145,"column":5}},"loc":{"start":{"line":145,"column":24},"end":{"line":156,"column":5}},"line":145}},"branchMap":{"0":{"loc":{"start":{"line":35,"column":12},"end":{"line":37,"column":13}},"type":"if","locations":[{"start":{"line":35,"column":12},"end":{"line":37,"column":13}},{"start":{},"end":{}}],"line":35},"1":{"loc":{"start":{"line":48,"column":22},"end":{"line":48,"column":80}},"type":"cond-expr","locations":[{"start":{"line":48,"column":41},"end":{"line":48,"column":73}},{"start":{"line":48,"column":76},"end":{"line":48,"column":80}}],"line":48},"2":{"loc":{"start":{"line":79,"column":12},"end":{"line":81,"column":13}},"type":"if","locations":[{"start":{"line":79,"column":12},"end":{"line":81,"column":13}},{"start":{},"end":{}}],"line":79}},"s":{"0":1,"1":1,"2":1,"3":1,"4":1,"5":0,"6":0,"7":0,"8":0,"9":0,"10":0,"11":0,"12":0,"13":0,"14":0,"15":0,"16":0,"17":0,"18":0,"19":0,"20":0,"21":0,"22":0,"23":0,"24":0,"25":0,"26":0,"27":0,"28":0,"29":0,"30":0,"31":0,"32":0,"33":0,"34":1},"f":{"0":0,"1":0,"2":0,"3":0,"4":0,"5":0,"6":0},"b":{"0":[0,0],"1":[0,0],"2":[0,0]},"_coverageSchema":"1a1c01bbd47fc00a2c39e90264f33305004495a9","hash":"af9db204c772a922649be99bb2bca87e7413c8dc"}
,"/Users/matias/Desktop/2.5d Map/2.5-interactive-and-general-purpose-map-2/server/src/services/timelineService.js": {"path":"/Users/matias/Desktop/2.5d Map/2.5-interactive-and-general-purpose-map-2/server/src/services/timelineService.js","statementMap":{"0":{"start":{"line":1,"column":26},"end":{"line":1,"column":46}},"1":{"start":{"line":2,"column":21},"end":{"line":2,"column":58}},"2":{"start":{"line":3,"column":15},"end":{"line":3,"column":41}},"3":{"start":{"line":7,"column":8},"end":{"line":34,"column":9}},"4":{"start":{"line":8,"column":77},"end":{"line":8,"column":84}},"5":{"start":{"line":10,"column":12},"end":{"line":12,"column":13}},"6":{"start":{"line":11,"column":16},"end":{"line":11,"column":60}},"7":{"start":{"line":14,"column":12},"end":{"line":20,"column":13}},"8":{"start":{"line":15,"column":16},"end":{"line":19,"column":19}},"9":{"start":{"line":23,"column":26},"end":{"line":23,"column":28}},"10":{"start":{"line":24,"column":12},"end":{"line":24,"column":45}},"11":{"start":{"line":24,"column":22},"end":{"line":24,"column":45}},"12":{"start":{"line":26,"column":12},"end":{"line":30,"column":15}},"13":{"start":{"line":32,"column":12},"end":{"line":32,"column":69}},"14":{"start":{"line":33,"column":12},"end":{"line":33,"column":72}},"15":{"start":{"line":38,"column":8},"end":{"line":48,"column":9}},"16":{"start":{"line":39,"column":26},"end":{"line":39,"column":58}},"17":{"start":{"line":40,"column":12},"end":{"line":42,"column":13}},"18":{"start":{"line":41,"column":16},"end":{"line":41,"column":74}},"19":{"start":{"line":43,"column":12},"end":{"line":43,"column":25}},"20":{"start":{"line":45,"column":12},"end":{"line":45,"column":55}},"21":{"start":{"line":45,"column":43},"end":{"line":45,"column":55}},"22":{"start":{"line":46,"column":12},"end":{"line":46,"column":70}},"23":{"start":{"line":47,"column":12},"end":{"line":47,"column":71}},"24":{"start":{"line":52,"column":8},"end":{"line":59,"column":9}},"25":{"start":{"line":53,"column":26},"end":{"line":53,"column":63}},"26":{"start":{"line":54,"column":12},"end":{"line":54,"column":86}},"27":{"start":{"line":55,"column":12},"end":{"line":55,"column":25}},"28":{"start":{"line":57,"column":12},"end":{"line":57,"column":68}},"29":{"start":{"line":58,"column":12},"end":{"line":58,"column":69}},"30":{"start":{"line":63,"column":8},"end":{"line":72,"column":9}},"31":{"start":{"line":64,"column":26},"end":{"line":64,"column":49}},"32":{"start":{"line":65,"column":12},"end":{"line":65,"column":42}},"33":{"start":{"line":66,"column":12},"end":{"line":66,"column":86}},"34":{"start":{"line":67,"column":12},"end":{"line":67,"column":25}},"35":{"start":{"line":69,"column":12},"end":{"line":69,"column":55}},"36":{"start":{"line":69,"column":43},"end":{"line":69,"column":55}},"37":{"start":{"line":70,"column":12},"end":{"line":70,"column":68}},"38":{"start":{"line":71,"column":12},"end":{"line":71,"column":69}},"39":{"start":{"line":76,"column":8},"end":{"line":85,"column":9}},"40":{"start":{"line":77,"column":26},"end":{"line":77,"column":49}},"41":{"start":{"line":78,"column":12},"end":{"line":78,"column":34}},"42":{"start":{"line":79,"column":12},"end":{"line":79,"column":62}},"43":{"start":{"line":80,"column":12},"end":{"line":80,"column":41}},"44":{"start":{"line":82,"column":12},"end":{"line":82,"column":55}},"45":{"start":{"line":82,"column":43},"end":{"line":82,"column":55}},"46":{"start":{"line":83,"column":12},"end":{"line":83,"column":68}},"47":{"start":{"line":84,"column":12},"end":{"line":84,"column":69}},"48":{"start":{"line":89,"column":8},"end":{"line":94,"column":9}},"49":{"start":{"line":90,"column":12},"end":{"line":90,"column":83}},"50":{"start":{"line":92,"column":12},"end":{"line":92,"column":72}},"51":{"start":{"line":93,"column":12},"end":{"line":93,"column":67}},"52":{"start":{"line":98,"column":0},"end":{"line":98,"column":39}}},"fnMap":{"0":{"name":"(anonymous_0)","decl":{"start":{"line":6,"column":4},"end":{"line":6,"column":5}},"loc":{"start":{"line":6,"column":32},"end":{"line":35,"column":5}},"line":6},"1":{"name":"(anonymous_1)","decl":{"start":{"line":37,"column":4},"end":{"line":37,"column":5}},"loc":{"start":{"line":37,"column":23},"end":{"line":49,"column":5}},"line":37},"2":{"name":"(anonymous_2)","decl":{"start":{"line":51,"column":4},"end":{"line":51,"column":5}},"loc":{"start":{"line":51,"column":28},"end":{"line":60,"column":5}},"line":51},"3":{"name":"(anonymous_3)","decl":{"start":{"line":62,"column":4},"end":{"line":62,"column":5}},"loc":{"start":{"line":62,"column":32},"end":{"line":73,"column":5}},"line":62},"4":{"name":"(anonymous_4)","decl":{"start":{"line":75,"column":4},"end":{"line":75,"column":5}},"loc":{"start":{"line":75,"column":21},"end":{"line":86,"column":5}},"line":75},"5":{"name":"(anonymous_5)","decl":{"start":{"line":88,"column":4},"end":{"line":88,"column":5}},"loc":{"start":{"line":88,"column":53},"end":{"line":95,"column":5}},"line":88}},"branchMap":{"0":{"loc":{"start":{"line":6,"column":18},"end":{"line":6,"column":30}},"type":"default-arg","locations":[{"start":{"line":6,"column":28},"end":{"line":6,"column":30}}],"line":6},"1":{"loc":{"start":{"line":10,"column":12},"end":{"line":12,"column":13}},"type":"if","locations":[{"start":{"line":10,"column":12},"end":{"line":12,"column":13}},{"start":{},"end":{}}],"line":10},"2":{"loc":{"start":{"line":14,"column":12},"end":{"line":20,"column":13}},"type":"if","locations":[{"start":{"line":14,"column":12},"end":{"line":20,"column":13}},{"start":{},"end":{}}],"line":14},"3":{"loc":{"start":{"line":14,"column":16},"end":{"line":14,"column":36}},"type":"binary-expr","locations":[{"start":{"line":14,"column":16},"end":{"line":14,"column":25}},{"start":{"line":14,"column":29},"end":{"line":14,"column":36}}],"line":14},"4":{"loc":{"start":{"line":24,"column":12},"end":{"line":24,"column":45}},"type":"if","locations":[{"start":{"line":24,"column":12},"end":{"line":24,"column":45}},{"start":{},"end":{}}],"line":24},"5":{"loc":{"start":{"line":29,"column":23},"end":{"line":29,"column":34}},"type":"binary-expr","locations":[{"start":{"line":29,"column":23},"end":{"line":29,"column":28}},{"start":{"line":29,"column":32},"end":{"line":29,"column":34}}],"line":29},"6":{"loc":{"start":{"line":40,"column":12},"end":{"line":42,"column":13}},"type":"if","locations":[{"start":{"line":40,"column":12},"end":{"line":42,"column":13}},{"start":{},"end":{}}],"line":40},"7":{"loc":{"start":{"line":45,"column":12},"end":{"line":45,"column":55}},"type":"if","locations":[{"start":{"line":45,"column":12},"end":{"line":45,"column":55}},{"start":{},"end":{}}],"line":45},"8":{"loc":{"start":{"line":69,"column":12},"end":{"line":69,"column":55}},"type":"if","locations":[{"start":{"line":69,"column":12},"end":{"line":69,"column":55}},{"start":{},"end":{}}],"line":69},"9":{"loc":{"start":{"line":82,"column":12},"end":{"line":82,"column":55}},"type":"if","locations":[{"start":{"line":82,"column":12},"end":{"line":82,"column":55}},{"start":{},"end":{}}],"line":82},"10":{"loc":{"start":{"line":88,"column":39},"end":{"line":88,"column":51}},"type":"default-arg","locations":[{"start":{"line":88,"column":49},"end":{"line":88,"column":51}}],"line":88}},"s":{"0":2,"1":2,"2":2,"3":0,"4":0,"5":0,"6":0,"7":0,"8":0,"9":0,"10":0,"11":0,"12":0,"13":0,"14":0,"15":0,"16":0,"17":0,"18":0,"19":0,"20":0,"21":0,"22":0,"23":0,"24":0,"25":0,"26":0,"27":0,"28":0,"29":0,"30":0,"31":0,"32":0,"33":0,"34":0,"35":0,"36":0,"37":0,"38":0,"39":0,"40":0,"41":0,"42":0,"43":0,"44":0,"45":0,"46":0,"47":0,"48":0,"49":0,"50":0,"51":0,"52":2},"f":{"0":0,"1":0,"2":0,"3":0,"4":0,"5":0},"b":{"0":[0],"1":[0,0],"2":[0,0],"3":[0,0],"4":[0,0],"5":[0,0],"6":[0,0],"7":[0,0],"8":[0,0],"9":[0,0],"10":[0]},"_coverageSchema":"1a1c01bbd47fc00a2c39e90264f33305004495a9","hash":"bd941b69b09d94111a2f4fa5a16542e27e3faf45"}
,"/Users/matias/Desktop/2.5d Map/2.5-interactive-and-general-purpose-map-2/server/src/utils/cache.js": {"path":"/Users/matias/Desktop/2.5d Map/2.5-interactive-and-general-purpose-map-2/server/src/utils/cache.js","statementMap":{"0":{"start":{"line":1,"column":18},"end":{"line":1,"column":39}},"1":{"start":{"line":5,"column":8},"end":{"line":9,"column":11}},"2":{"start":{"line":13,"column":8},"end":{"line":13,"column":35}},"3":{"start":{"line":17,"column":8},"end":{"line":17,"column":54}},"4":{"start":{"line":21,"column":8},"end":{"line":21,"column":35}},"5":{"start":{"line":25,"column":8},"end":{"line":25,"column":37}},"6":{"start":{"line":29,"column":23},"end":{"line":29,"column":36}},"7":{"start":{"line":30,"column":8},"end":{"line":32,"column":9}},"8":{"start":{"line":31,"column":12},"end":{"line":31,"column":26}},"9":{"start":{"line":34,"column":23},"end":{"line":34,"column":33}},"10":{"start":{"line":35,"column":8},"end":{"line":35,"column":35}},"11":{"start":{"line":36,"column":8},"end":{"line":36,"column":22}},"12":{"start":{"line":40,"column":0},"end":{"line":40,"column":44}},"13":{"start":{"line":41,"column":0},"end":{"line":41,"column":42}},"14":{"start":{"line":42,"column":0},"end":{"line":42,"column":44}}},"fnMap":{"0":{"name":"(anonymous_0)","decl":{"start":{"line":4,"column":4},"end":{"line":4,"column":5}},"loc":{"start":{"line":4,"column":34},"end":{"line":10,"column":5}},"line":4},"1":{"name":"(anonymous_1)","decl":{"start":{"line":12,"column":4},"end":{"line":12,"column":5}},"loc":{"start":{"line":12,"column":13},"end":{"line":14,"column":5}},"line":12},"2":{"name":"(anonymous_2)","decl":{"start":{"line":16,"column":4},"end":{"line":16,"column":5}},"loc":{"start":{"line":16,"column":25},"end":{"line":18,"column":5}},"line":16},"3":{"name":"(anonymous_3)","decl":{"start":{"line":20,"column":4},"end":{"line":20,"column":5}},"loc":{"start":{"line":20,"column":16},"end":{"line":22,"column":5}},"line":20},"4":{"name":"(anonymous_4)","decl":{"start":{"line":24,"column":4},"end":{"line":24,"column":5}},"loc":{"start":{"line":24,"column":12},"end":{"line":26,"column":5}},"line":24},"5":{"name":"(anonymous_5)","decl":{"start":{"line":28,"column":4},"end":{"line":28,"column":5}},"loc":{"start":{"line":28,"column":29},"end":{"line":37,"column":5}},"line":28}},"branchMap":{"0":{"loc":{"start":{"line":4,"column":16},"end":{"line":4,"column":32}},"type":"default-arg","locations":[{"start":{"line":4,"column":29},"end":{"line":4,"column":32}}],"line":4},"1":{"loc":{"start":{"line":17,"column":42},"end":{"line":17,"column":52}},"type":"binary-expr","locations":[{"start":{"line":17,"column":42},"end":{"line":17,"column":45}},{"start":{"line":17,"column":49},"end":{"line":17,"column":52}}],"line":17},"2":{"loc":{"start":{"line":30,"column":8},"end":{"line":32,"column":9}},"type":"if","locations":[{"start":{"line":30,"column":8},"end":{"line":32,"column":9}},{"start":{},"end":{}}],"line":30}},"s":{"0":3,"1":9,"2":0,"3":0,"4":0,"5":0,"6":0,"7":0,"8":0,"9":0,"10":0,"11":0,"12":3,"13":3,"14":3},"f":{"0":9,"1":0,"2":0,"3":0,"4":0,"5":0},"b":{"0":[0],"1":[0,0],"2":[0,0]},"_coverageSchema":"1a1c01bbd47fc00a2c39e90264f33305004495a9","hash":"ce01574972a4642b01f1aa62bd28427ac41e591b"}
,"/Users/matias/Desktop/2.5d Map/2.5-interactive-and-general-purpose-map-2/server/src/utils/logger.js": {"path":"/Users/matias/Desktop/2.5d Map/2.5-interactive-and-general-purpose-map-2/server/src/utils/logger.js","statementMap":{"0":{"start":{"line":1,"column":16},"end":{"line":1,"column":34}},"1":{"start":{"line":2,"column":13},"end":{"line":2,"column":28}},"2":{"start":{"line":4,"column":18},"end":{"line":10,"column":1}},"3":{"start":{"line":12,"column":18},"end":{"line":18,"column":1}},"4":{"start":{"line":20,"column":0},"end":{"line":20,"column":29}},"5":{"start":{"line":22,"column":15},"end":{"line":28,"column":1}},"6":{"start":{"line":26,"column":18},"end":{"line":26,"column":68}},"7":{"start":{"line":30,"column":19},"end":{"line":39,"column":1}},"8":{"start":{"line":41,"column":15},"end":{"line":46,"column":2}},"9":{"start":{"line":48,"column":0},"end":{"line":52,"column":2}},"10":{"start":{"line":50,"column":8},"end":{"line":50,"column":36}},"11":{"start":{"line":54,"column":0},"end":{"line":54,"column":24}}},"fnMap":{"0":{"name":"(anonymous_0)","decl":{"start":{"line":26,"column":8},"end":{"line":26,"column":9}},"loc":{"start":{"line":26,"column":18},"end":{"line":26,"column":68}},"line":26},"1":{"name":"(anonymous_1)","decl":{"start":{"line":49,"column":11},"end":{"line":49,"column":12}},"loc":{"start":{"line":49,"column":24},"end":{"line":51,"column":5}},"line":49}},"branchMap":{"0":{"loc":{"start":{"line":42,"column":11},"end":{"line":42,"column":68}},"type":"cond-expr","locations":[{"start":{"line":42,"column":52},"end":{"line":42,"column":59}},{"start":{"line":42,"column":62},"end":{"line":42,"column":68}}],"line":42}},"s":{"0":6,"1":6,"2":6,"3":6,"4":6,"5":6,"6":2,"7":6,"8":6,"9":6,"10":2,"11":6},"f":{"0":2,"1":2},"b":{"0":[0,6]},"_coverageSchema":"1a1c01bbd47fc00a2c39e90264f33305004495a9","hash":"e2bb88f9817d42c50789534bf82cc33eb6fa00c0"}
}
