TN:
SF:src/app.js
FN:57,(anonymous_0)
FN:73,(anonymous_1)
FN:92,(anonymous_2)
FNF:3
FNH:0
FNDA:0,(anonymous_0)
FNDA:0,(anonymous_1)
FNDA:0,(anonymous_2)
DA:1,1
DA:2,1
DA:3,1
DA:4,1
DA:5,1
DA:7,1
DA:8,1
DA:11,1
DA:12,1
DA:13,1
DA:14,1
DA:15,1
DA:16,1
DA:17,1
DA:18,1
DA:19,1
DA:21,1
DA:22,1
DA:29,1
DA:37,1
DA:43,1
DA:44,1
DA:47,1
DA:48,0
DA:50,1
DA:57,1
DA:58,0
DA:65,1
DA:66,1
DA:67,1
DA:68,1
DA:69,1
DA:70,1
DA:73,1
DA:74,0
DA:84,1
DA:90,1
DA:91,0
DA:92,0
DA:93,0
DA:94,0
DA:95,0
DA:98,0
DA:101,1
DA:104,1
LF:45
LH:36
BRDA:22,0,0,1
BRDA:22,0,1,1
BRDA:38,1,0,1
BRDA:38,1,1,1
BRDA:47,2,0,0
BRDA:47,2,1,1
BRDA:90,3,0,0
BRDA:90,3,1,1
BRF:8
BRH:6
end_of_record
TN:
SF:src/config/sequelize.js
FN:12,(anonymous_0)
FN:42,(anonymous_1)
FN:61,(anonymous_2)
FN:80,(anonymous_3)
FN:91,(anonymous_4)
FNF:5
FNH:0
FNDA:0,(anonymous_0)
FNDA:0,(anonymous_1)
FNDA:0,(anonymous_2)
FNDA:0,(anonymous_3)
FNDA:0,(anonymous_4)
DA:1,6
DA:2,6
DA:3,6
DA:5,6
DA:8,6
DA:13,0
DA:14,0
DA:43,0
DA:44,0
DA:61,6
DA:62,0
DA:63,0
DA:64,0
DA:66,0
DA:68,0
DA:69,0
DA:72,0
DA:74,0
DA:75,0
DA:80,6
DA:81,0
DA:82,0
DA:83,0
DA:85,0
DA:86,0
DA:91,6
DA:92,0
DA:93,0
DA:94,0
DA:96,0
DA:100,6
LF:31
LH:9
BRDA:8,0,0,0
BRDA:8,0,1,6
BRDA:13,1,0,0
BRDA:13,1,1,0
BRDA:25,2,0,6
BRDA:25,2,1,6
BRDA:26,3,0,6
BRDA:26,3,1,6
BRDA:27,4,0,6
BRDA:27,4,1,6
BRDA:29,5,0,6
BRDA:29,5,1,6
BRDA:30,6,0,6
BRDA:30,6,1,6
BRDA:37,7,0,6
BRDA:37,7,1,6
BRDA:38,8,0,6
BRDA:38,8,1,6
BRDA:43,9,0,0
BRDA:43,9,1,0
BRDA:64,10,0,0
BRDA:64,10,1,0
BRDA:66,11,0,0
BRDA:66,11,1,0
BRDA:80,12,0,0
BRF:25
BRH:15
end_of_record
TN:
SF:src/controllers/authController.js
FN:6,(anonymous_0)
FN:17,(anonymous_1)
FN:62,(anonymous_2)
FN:107,(anonymous_3)
FNF:4
FNH:4
FNDA:2,(anonymous_0)
FNDA:2,(anonymous_1)
FNDA:2,(anonymous_2)
FNDA:1,(anonymous_3)
DA:1,2
DA:2,2
DA:3,2
DA:6,2
DA:7,2
DA:12,2
DA:18,2
DA:19,2
DA:22,2
DA:26,2
DA:27,1
DA:30,1
DA:34,1
DA:35,0
DA:39,1
DA:46,1
DA:48,1
DA:54,0
DA:63,2
DA:64,2
DA:67,2
DA:68,0
DA:72,2
DA:76,2
DA:77,1
DA:81,1
DA:83,1
DA:84,0
DA:88,1
DA:91,1
DA:93,1
DA:99,0
DA:108,1
DA:109,1
DA:111,1
DA:116,0
DA:121,2
LF:37
LH:31
BRDA:7,0,0,2
BRDA:7,0,1,2
BRDA:8,1,0,2
BRDA:8,1,1,2
BRDA:26,2,0,1
BRDA:26,2,1,1
BRDA:34,3,0,0
BRDA:34,3,1,1
BRDA:67,4,0,0
BRDA:67,4,1,2
BRDA:67,5,0,2
BRDA:67,5,1,2
BRDA:76,6,0,1
BRDA:76,6,1,1
BRDA:83,7,0,0
BRDA:83,7,1,1
BRF:16
BRH:13
end_of_record
TN:
SF:src/controllers/dataController.js
FN:9,(anonymous_0)
FN:44,(anonymous_1)
FN:83,(anonymous_2)
FN:114,(anonymous_3)
FN:145,(anonymous_4)
FNF:5
FNH:0
FNDA:0,(anonymous_0)
FNDA:0,(anonymous_1)
FNDA:0,(anonymous_2)
FNDA:0,(anonymous_3)
FNDA:0,(anonymous_4)
DA:1,1
DA:2,1
DA:4,1
DA:10,0
DA:11,0
DA:13,0
DA:14,0
DA:17,0
DA:18,0
DA:19,0
DA:22,0
DA:29,0
DA:31,0
DA:36,0
DA:45,0
DA:46,0
DA:48,0
DA:49,0
DA:52,0
DA:53,0
DA:54,0
DA:56,0
DA:63,0
DA:70,0
DA:75,0
DA:84,0
DA:85,0
DA:86,0
DA:88,0
DA:89,0
DA:92,0
DA:99,0
DA:101,0
DA:106,0
DA:115,0
DA:116,0
DA:118,0
DA:119,0
DA:122,0
DA:123,0
DA:125,0
DA:130,0
DA:132,0
DA:137,0
DA:146,0
DA:147,0
DA:149,0
DA:150,0
DA:153,0
DA:158,0
DA:163,0
DA:168,1
LF:52
LH:4
BRDA:13,0,0,0
BRDA:13,0,1,0
BRDA:18,1,0,0
BRDA:18,1,1,0
BRDA:18,2,0,0
BRDA:18,2,1,0
BRDA:23,3,0,0
BRDA:23,3,1,0
BRDA:24,4,0,0
BRDA:24,4,1,0
BRDA:26,5,0,0
BRDA:26,5,1,0
BRDA:48,6,0,0
BRDA:48,6,1,0
BRDA:48,7,0,0
BRDA:48,7,1,0
BRDA:54,8,0,0
BRDA:54,8,1,0
BRDA:57,9,0,0
BRDA:57,9,1,0
BRDA:58,10,0,0
BRDA:58,10,1,0
BRDA:60,11,0,0
BRDA:60,11,1,0
BRDA:88,12,0,0
BRDA:88,12,1,0
BRDA:93,13,0,0
BRDA:93,13,1,0
BRDA:94,14,0,0
BRDA:94,14,1,0
BRDA:96,15,0,0
BRDA:96,15,1,0
BRDA:118,16,0,0
BRDA:118,16,1,0
BRDA:123,17,0,0
BRDA:123,17,1,0
BRDA:126,18,0,0
BRDA:126,18,1,0
BRDA:127,19,0,0
BRDA:127,19,1,0
BRDA:149,20,0,0
BRDA:149,20,1,0
BRDA:155,21,0,0
BRDA:155,21,1,0
BRF:44
BRH:0
end_of_record
TN:
SF:src/controllers/layerController.js
FN:5,(anonymous_0)
FN:29,(anonymous_1)
FN:47,(anonymous_2)
FN:59,(anonymous_3)
FN:77,(anonymous_4)
FN:96,(anonymous_5)
FN:116,(anonymous_6)
FN:134,(anonymous_7)
FNF:8
FNH:3
FNDA:0,(anonymous_0)
FNDA:3,(anonymous_1)
FNDA:8,(anonymous_2)
FNDA:2,(anonymous_3)
FNDA:0,(anonymous_4)
FNDA:0,(anonymous_5)
FNDA:0,(anonymous_6)
FNDA:0,(anonymous_7)
DA:1,2
DA:2,2
DA:5,2
DA:6,0
DA:7,0
DA:8,0
DA:9,0
DA:10,0
DA:11,0
DA:12,0
DA:13,0
DA:14,0
DA:15,0
DA:16,0
DA:17,0
DA:18,0
DA:19,0
DA:20,0
DA:21,0
DA:24,2
DA:30,3
DA:31,3
DA:40,3
DA:42,2
DA:47,8
DA:51,1
DA:60,2
DA:61,2
DA:62,2
DA:64,2
DA:69,0
DA:78,0
DA:79,0
DA:80,0
DA:82,0
DA:88,0
DA:97,0
DA:98,0
DA:99,0
DA:100,0
DA:102,0
DA:108,0
DA:117,0
DA:118,0
DA:119,0
DA:121,0
DA:126,0
DA:135,0
DA:136,0
DA:137,0
DA:139,0
DA:140,0
DA:142,0
DA:148,0
DA:153,0
DA:158,2
LF:56
LH:15
BRDA:7,0,0,0
BRDA:7,0,1,0
BRDA:8,1,0,0
BRDA:8,1,1,0
BRDA:9,2,0,0
BRDA:9,2,1,0
BRDA:10,3,0,0
BRDA:10,3,1,0
BRDA:11,4,0,0
BRDA:11,4,1,0
BRDA:12,5,0,0
BRDA:12,5,1,0
BRDA:13,6,0,0
BRDA:13,6,1,0
BRDA:14,7,0,0
BRDA:14,7,1,0
BRDA:15,8,0,0
BRDA:15,8,1,0
BRDA:16,9,0,0
BRDA:16,9,1,0
BRDA:17,10,0,0
BRDA:17,10,1,0
BRDA:18,11,0,0
BRDA:18,11,1,0
BRDA:19,12,0,0
BRDA:19,12,1,0
BRDA:20,13,0,0
BRDA:20,13,1,0
BRDA:34,14,0,0
BRDA:34,14,1,3
BRDA:35,15,0,0
BRDA:35,15,1,3
BRDA:36,16,0,0
BRDA:36,16,1,3
BRDA:37,17,0,0
BRDA:37,17,1,3
BRDA:139,18,0,0
BRDA:139,18,1,0
BRDA:140,19,0,0
BRDA:140,19,1,0
BRF:40
BRH:4
end_of_record
TN:
SF:src/controllers/pipelineController.js
FN:8,(anonymous_0)
FN:28,(anonymous_1)
FN:53,(anonymous_2)
FNF:3
FNH:0
FNDA:0,(anonymous_0)
FNDA:0,(anonymous_1)
FNDA:0,(anonymous_2)
DA:1,1
DA:3,1
DA:9,0
DA:10,0
DA:11,0
DA:13,0
DA:15,0
DA:20,0
DA:29,0
DA:30,0
DA:31,0
DA:33,0
DA:34,0
DA:40,0
DA:45,0
DA:54,0
DA:55,0
DA:57,0
DA:62,0
DA:67,1
LF:20
LH:3
BRDA:33,0,0,0
BRDA:33,0,1,0
BRF:2
BRH:0
end_of_record
TN:
SF:src/controllers/searchController.js
FN:9,(anonymous_0)
FN:39,(anonymous_1)
FN:65,(anonymous_2)
FN:81,(anonymous_3)
FN:82,(anonymous_4)
FN:83,(anonymous_5)
FNF:6
FNH:0
FNDA:0,(anonymous_0)
FNDA:0,(anonymous_1)
FNDA:0,(anonymous_2)
FNDA:0,(anonymous_3)
FNDA:0,(anonymous_4)
FNDA:0,(anonymous_5)
DA:1,1
DA:2,1
DA:4,1
DA:10,0
DA:11,0
DA:13,0
DA:14,0
DA:24,0
DA:26,0
DA:31,0
DA:40,0
DA:41,0
DA:43,0
DA:44,0
DA:47,0
DA:52,0
DA:57,0
DA:66,0
DA:67,0
DA:69,0
DA:70,0
DA:78,0
DA:80,0
DA:81,0
DA:82,0
DA:83,0
DA:86,0
DA:91,0
DA:96,1
LF:29
LH:4
BRDA:13,0,0,0
BRDA:13,0,1,0
BRDA:13,1,0,0
BRDA:13,1,1,0
BRDA:43,2,0,0
BRDA:43,2,1,0
BRDA:43,3,0,0
BRDA:43,3,1,0
BRDA:69,4,0,0
BRDA:69,4,1,0
BRDA:69,5,0,0
BRDA:69,5,1,0
BRF:12
BRH:0
end_of_record
TN:
SF:src/controllers/timelineController.js
FN:9,(anonymous_0)
FN:39,(anonymous_1)
FN:55,(anonymous_2)
FN:88,(anonymous_3)
FN:117,(anonymous_4)
FN:133,(anonymous_5)
FNF:6
FNH:5
FNDA:2,(anonymous_0)
FNDA:1,(anonymous_1)
FNDA:1,(anonymous_2)
FNDA:1,(anonymous_3)
FNDA:1,(anonymous_4)
FNDA:0,(anonymous_5)
DA:1,2
DA:2,2
DA:4,2
DA:10,2
DA:11,2
DA:20,2
DA:22,1
DA:31,1
DA:40,1
DA:41,1
DA:42,1
DA:47,0
DA:56,1
DA:60,1
DA:73,1
DA:74,1
DA:80,0
DA:89,1
DA:90,1
DA:91,1
DA:92,1
DA:93,1
DA:94,1
DA:95,1
DA:96,1
DA:97,1
DA:98,1
DA:99,1
DA:100,1
DA:102,1
DA:103,1
DA:109,0
DA:118,1
DA:119,1
DA:120,1
DA:125,0
DA:134,0
DA:135,0
DA:137,0
DA:138,0
DA:141,0
DA:148,0
DA:155,0
DA:160,0
DA:165,2
LF:45
LH:33
BRDA:12,0,0,1
BRDA:12,0,1,1
BRDA:16,1,0,0
BRDA:16,1,1,2
BRDA:17,2,0,0
BRDA:17,2,1,2
BRDA:91,3,0,1
BRDA:91,3,1,0
BRDA:92,4,0,0
BRDA:92,4,1,1
BRDA:93,5,0,0
BRDA:93,5,1,1
BRDA:94,6,0,0
BRDA:94,6,1,1
BRDA:95,7,0,0
BRDA:95,7,1,1
BRDA:96,8,0,0
BRDA:96,8,1,1
BRDA:97,9,0,0
BRDA:97,9,1,1
BRDA:98,10,0,0
BRDA:98,10,1,1
BRDA:99,11,0,0
BRDA:99,11,1,1
BRDA:100,12,0,0
BRDA:100,12,1,1
BRDA:137,13,0,0
BRDA:137,13,1,0
BRDA:137,14,0,0
BRDA:137,14,1,0
BRDA:145,15,0,0
BRDA:145,15,1,0
BRDA:151,16,0,0
BRDA:151,16,1,0
BRF:34
BRH:14
end_of_record
TN:
SF:src/middleware/auth.js
FN:7,(anonymous_0)
FN:45,(anonymous_1)
FN:46,(anonymous_2)
FNF:3
FNH:1
FNDA:0,(anonymous_0)
FNDA:6,(anonymous_1)
FNDA:0,(anonymous_2)
DA:1,1
DA:2,1
DA:3,1
DA:4,1
DA:7,1
DA:10,0
DA:14,0
DA:17,0
DA:18,0
DA:21,0
DA:23,0
DA:26,0
DA:27,0
DA:28,0
DA:32,0
DA:33,0
DA:36,0
DA:37,0
DA:39,0
DA:40,0
DA:45,1
DA:46,6
DA:47,0
DA:48,0
DA:51,0
DA:52,0
DA:59,0
LF:27
LH:7
BRDA:10,0,0,0
BRDA:10,0,1,0
BRDA:11,1,0,0
BRDA:11,1,1,0
BRDA:17,2,0,0
BRDA:17,2,1,0
BRDA:23,3,0,0
BRDA:23,3,1,0
BRDA:27,4,0,0
BRDA:27,4,1,0
BRDA:32,5,0,0
BRDA:32,5,1,0
BRDA:47,6,0,0
BRDA:47,6,1,0
BRDA:51,7,0,0
BRDA:51,7,1,0
BRF:16
BRH:0
end_of_record
TN:
SF:src/middleware/errorHandler.js
FN:2,(anonymous_0)
FN:10,(anonymous_1)
FNF:2
FNH:1
FNDA:3,(anonymous_0)
FNDA:0,(anonymous_1)
DA:3,3
DA:4,3
DA:5,3
DA:6,3
DA:10,8
DA:11,0
DA:12,0
DA:14,0
DA:15,0
DA:22,0
DA:23,0
DA:28,0
DA:29,0
DA:37,8
LF:14
LH:6
BRDA:11,0,0,0
BRDA:11,0,1,0
BRDA:12,1,0,0
BRDA:12,1,1,0
BRDA:14,2,0,0
BRDA:14,2,1,0
BRDA:22,3,0,0
BRDA:22,3,1,0
BRF:8
BRH:0
end_of_record
TN:
SF:src/middleware/validation.js
FN:2,(anonymous_0)
FN:3,(anonymous_1)
FNF:2
FNH:0
FNDA:0,(anonymous_0)
FNDA:0,(anonymous_1)
DA:1,1
DA:2,0
DA:3,0
LF:3
LH:1
BRF:0
BRH:0
end_of_record
TN:
SF:src/models/GeoFeature.js
FN:92,(anonymous_0)
FN:101,(anonymous_1)
FN:111,(anonymous_2)
FN:142,(anonymous_3)
FN:156,(anonymous_4)
FN:221,(anonymous_5)
FNF:6
FNH:0
FNDA:0,(anonymous_0)
FNDA:0,(anonymous_1)
FNDA:0,(anonymous_2)
FNDA:0,(anonymous_3)
FNDA:0,(anonymous_4)
FNDA:0,(anonymous_5)
DA:1,5
DA:2,5
DA:4,5
DA:10,5
DA:93,0
DA:94,0
DA:101,5
DA:102,0
DA:103,0
DA:104,0
DA:106,0
DA:107,0
DA:108,0
DA:111,5
DA:112,0
DA:128,5
DA:134,5
DA:142,5
DA:156,5
DA:157,0
DA:159,0
DA:163,0
DA:164,0
DA:165,0
DA:168,0
DA:169,0
DA:170,0
DA:174,0
DA:183,0
DA:186,0
DA:198,0
DA:199,0
DA:202,0
DA:203,0
DA:204,0
DA:208,0
DA:218,0
DA:221,5
DA:222,0
DA:224,0
DA:226,0
DA:229,0
DA:241,0
DA:243,0
DA:244,0
DA:245,0
DA:251,0
DA:273,5
LF:48
LH:12
BRDA:38,0,0,0
BRDA:38,0,1,5
BRDA:59,1,0,0
BRDA:59,1,1,5
BRDA:93,2,0,0
BRDA:93,2,1,0
BRDA:93,3,0,0
BRDA:93,3,1,0
BRDA:93,3,2,0
BRDA:103,4,0,0
BRDA:103,4,1,0
BRDA:104,5,0,0
BRDA:104,5,1,0
BRDA:106,6,0,0
BRDA:106,6,1,0
BRDA:106,7,0,0
BRDA:106,7,1,0
BRDA:107,8,0,0
BRDA:107,8,1,0
BRDA:107,9,0,0
BRDA:107,9,1,0
BRDA:156,10,0,0
BRDA:159,11,0,0
BRDA:159,11,1,0
BRDA:164,12,0,0
BRDA:164,12,1,0
BRDA:165,13,0,0
BRDA:165,13,1,0
BRDA:168,14,0,0
BRDA:168,14,1,0
BRDA:198,15,0,0
BRDA:198,15,1,0
BRDA:199,16,0,0
BRDA:199,16,1,0
BRDA:202,17,0,0
BRDA:202,17,1,0
BRDA:221,18,0,0
BRDA:222,19,0,0
BRDA:224,20,0,0
BRDA:224,20,1,0
BRDA:241,21,0,0
BRDA:241,21,1,0
BRDA:243,22,0,0
BRDA:243,22,1,0
BRF:44
BRH:2
end_of_record
TN:
SF:src/models/Layer.js
FN:103,(anonymous_0)
FNF:1
FNH:0
FNDA:0,(anonymous_0)
DA:1,6
DA:2,6
DA:8,6
DA:103,6
DA:104,0
DA:111,6
LF:6
LH:5
BRF:0
BRH:0
end_of_record
TN:
SF:src/models/TimelineEvent.js
FN:126,(anonymous_0)
FN:131,(anonymous_1)
FN:157,(anonymous_2)
FN:161,(anonymous_3)
FN:179,(anonymous_4)
FN:197,(anonymous_5)
FN:203,(anonymous_6)
FN:226,(anonymous_7)
FNF:8
FNH:0
FNDA:0,(anonymous_0)
FNDA:0,(anonymous_1)
FNDA:0,(anonymous_2)
FNDA:0,(anonymous_3)
FNDA:0,(anonymous_4)
FNDA:0,(anonymous_5)
FNDA:0,(anonymous_6)
FNDA:0,(anonymous_7)
DA:1,5
DA:2,5
DA:4,5
DA:10,5
DA:126,5
DA:127,0
DA:131,5
DA:132,0
DA:135,0
DA:138,0
DA:139,0
DA:145,0
DA:149,5
DA:157,5
DA:161,5
DA:162,0
DA:163,0
DA:171,0
DA:179,5
DA:187,5
DA:197,5
DA:198,0
DA:203,5
DA:204,0
DA:206,0
DA:212,0
DA:213,0
DA:214,0
DA:219,0
DA:226,5
DA:227,0
DA:229,0
DA:231,0
DA:232,0
DA:233,0
DA:237,0
DA:239,0
DA:246,0
DA:258,0
DA:259,0
DA:264,0
DA:266,0
DA:291,5
LF:43
LH:15
BRDA:45,0,0,0
BRDA:45,0,1,5
BRDA:91,1,0,0
BRDA:91,1,1,5
BRDA:127,2,0,0
BRDA:127,2,1,0
BRDA:138,3,0,0
BRDA:138,3,1,0
BRDA:138,4,0,0
BRDA:138,4,1,0
BRDA:162,5,0,0
BRDA:162,5,1,0
BRDA:203,6,0,0
BRDA:212,7,0,0
BRDA:212,7,1,0
BRDA:213,8,0,0
BRDA:213,8,1,0
BRDA:222,9,0,0
BRDA:222,9,1,0
BRDA:226,10,0,0
BRDA:227,11,0,0
BRDA:229,12,0,0
BRDA:229,12,1,0
BRDA:232,13,0,0
BRDA:232,13,1,0
BRDA:232,14,0,0
BRDA:232,14,1,0
BRDA:237,15,0,0
BRDA:237,15,1,0
BRDA:258,16,0,0
BRDA:258,16,1,0
BRDA:258,17,0,0
BRDA:258,17,1,0
BRDA:264,18,0,0
BRDA:264,18,1,0
BRF:35
BRH:2
end_of_record
TN:
SF:src/models/User.js
FN:98,(anonymous_0)
FN:103,(anonymous_1)
FN:115,(anonymous_2)
FN:119,(anonymous_3)
FN:124,(anonymous_4)
FN:128,(anonymous_5)
FN:132,(anonymous_6)
FN:136,(anonymous_7)
FN:143,(anonymous_8)
FN:169,(anonymous_9)
FN:173,(anonymous_10)
FN:177,(anonymous_11)
FNF:12
FNH:0
FNDA:0,(anonymous_0)
FNDA:0,(anonymous_1)
FNDA:0,(anonymous_2)
FNDA:0,(anonymous_3)
FNDA:0,(anonymous_4)
FNDA:0,(anonymous_5)
FNDA:0,(anonymous_6)
FNDA:0,(anonymous_7)
FNDA:0,(anonymous_8)
FNDA:0,(anonymous_9)
FNDA:0,(anonymous_10)
FNDA:0,(anonymous_11)
DA:1,5
DA:2,5
DA:3,5
DA:9,5
DA:99,0
DA:100,0
DA:104,0
DA:105,0
DA:112,5
DA:115,5
DA:116,0
DA:119,5
DA:120,0
DA:121,0
DA:124,5
DA:125,0
DA:128,5
DA:129,0
DA:132,5
DA:133,0
DA:136,5
DA:137,0
DA:138,0
DA:139,0
DA:143,5
DA:144,0
DA:148,5
DA:152,5
DA:156,5
DA:164,5
DA:169,5
DA:170,0
DA:173,5
DA:174,0
DA:177,5
DA:178,0
DA:180,0
DA:188,5
LF:38
LH:20
BRDA:99,0,0,0
BRDA:99,0,1,0
BRDA:99,1,0,0
BRDA:99,1,1,0
BRDA:104,2,0,0
BRDA:104,2,1,0
BRDA:104,3,0,0
BRDA:104,3,1,0
BRDA:129,4,0,0
BRDA:129,4,1,0
BRDA:133,5,0,0
BRDA:133,5,1,0
BRDA:178,6,0,0
BRF:13
BRH:0
end_of_record
TN:
SF:src/models/UserContribution.js
FN:106,(anonymous_0)
FN:114,(anonymous_1)
FN:122,(anonymous_2)
FN:126,(anonymous_3)
FN:130,(anonymous_4)
FN:150,(anonymous_5)
FN:155,(anonymous_6)
FN:169,(anonymous_7)
FN:174,(anonymous_8)
FN:187,(anonymous_9)
FN:205,(anonymous_10)
FNF:11
FNH:0
FNDA:0,(anonymous_0)
FNDA:0,(anonymous_1)
FNDA:0,(anonymous_2)
FNDA:0,(anonymous_3)
FNDA:0,(anonymous_4)
FNDA:0,(anonymous_5)
FNDA:0,(anonymous_6)
FNDA:0,(anonymous_7)
FNDA:0,(anonymous_8)
FNDA:0,(anonymous_9)
FNDA:0,(anonymous_10)
DA:1,5
DA:2,5
DA:8,5
DA:106,5
DA:107,0
DA:108,0
DA:109,0
DA:110,0
DA:111,0
DA:114,5
DA:115,0
DA:116,0
DA:117,0
DA:118,0
DA:119,0
DA:122,5
DA:123,0
DA:126,5
DA:127,0
DA:130,5
DA:131,0
DA:135,5
DA:140,5
DA:145,5
DA:150,5
DA:155,5
DA:159,5
DA:169,5
DA:170,0
DA:171,0
DA:174,5
DA:175,0
DA:177,0
DA:178,0
DA:180,0
DA:187,5
DA:188,0
DA:198,0
DA:205,0
DA:206,0
DA:207,0
DA:210,0
DA:213,5
LF:43
LH:18
BRDA:106,0,0,0
BRDA:110,1,0,0
BRDA:110,1,1,0
BRDA:169,2,0,0
BRDA:170,3,0,0
BRDA:170,4,0,0
BRDA:174,5,0,0
BRDA:175,6,0,0
BRDA:178,7,0,0
BRDA:178,7,1,0
BRF:10
BRH:0
end_of_record
TN:
SF:src/models/index.js
FN:11,(anonymous_0)
FNF:1
FNH:1
FNDA:5,(anonymous_0)
DA:1,5
DA:4,5
DA:5,5
DA:6,5
DA:7,5
DA:8,5
DA:11,5
DA:13,5
DA:18,5
DA:24,5
DA:29,5
DA:35,5
DA:40,5
DA:46,5
DA:51,5
DA:58,5
DA:61,5
LF:17
LH:17
BRF:0
BRH:0
end_of_record
TN:
SF:src/routes/auth.js
FNF:0
FNH:0
DA:1,1
DA:2,1
DA:3,1
DA:4,1
DA:6,1
DA:7,1
DA:8,1
DA:10,1
LF:8
LH:8
BRF:0
BRH:0
end_of_record
TN:
SF:src/routes/data.js
FNF:0
FNH:0
DA:1,1
DA:2,1
DA:3,1
DA:5,1
DA:6,1
DA:7,1
DA:8,1
DA:9,1
DA:11,1
LF:9
LH:9
BRF:0
BRH:0
end_of_record
TN:
SF:src/routes/layers.js
FNF:0
FNH:0
DA:1,1
DA:2,1
DA:3,1
DA:4,1
DA:5,1
DA:8,1
DA:9,1
DA:10,1
DA:13,1
DA:20,1
DA:27,1
DA:33,1
LF:12
LH:12
BRF:0
BRH:0
end_of_record
TN:
SF:src/routes/pipeline.js
FNF:0
FNH:0
DA:1,1
DA:2,1
DA:3,1
DA:4,1
DA:8,1
DA:10,1
DA:11,1
DA:12,1
DA:14,1
LF:9
LH:9
BRF:0
BRH:0
end_of_record
TN:
SF:src/routes/search.js
FNF:0
FNH:0
DA:1,1
DA:2,1
DA:3,1
DA:5,1
DA:6,1
DA:7,1
DA:9,1
LF:7
LH:7
BRF:0
BRH:0
end_of_record
TN:
SF:src/routes/timeline.js
FNF:0
FNH:0
DA:1,1
DA:2,1
DA:3,1
DA:4,1
DA:6,1
DA:7,1
DA:8,1
DA:11,1
DA:12,1
DA:13,1
DA:15,1
LF:11
LH:11
BRF:0
BRH:0
end_of_record
TN:
SF:src/services/geoService.js
FN:16,(anonymous_0)
FN:31,(anonymous_1)
FN:52,(anonymous_2)
FN:63,(anonymous_3)
FN:84,(anonymous_4)
FN:133,(anonymous_5)
FN:158,(anonymous_6)
FN:198,(anonymous_7)
FN:216,(anonymous_8)
FNF:9
FNH:0
FNDA:0,(anonymous_0)
FNDA:0,(anonymous_1)
FNDA:0,(anonymous_2)
FNDA:0,(anonymous_3)
FNDA:0,(anonymous_4)
FNDA:0,(anonymous_5)
FNDA:0,(anonymous_6)
FNDA:0,(anonymous_7)
FNDA:0,(anonymous_8)
DA:1,1
DA:2,1
DA:3,1
DA:17,0
DA:18,0
DA:21,0
DA:29,0
DA:31,0
DA:39,0
DA:40,0
DA:53,0
DA:54,0
DA:56,0
DA:63,0
DA:64,0
DA:66,0
DA:67,0
DA:68,0
DA:70,0
DA:73,0
DA:74,0
DA:85,0
DA:88,0
DA:90,0
DA:91,0
DA:95,0
DA:99,0
DA:101,0
DA:110,0
DA:112,0
DA:113,0
DA:114,0
DA:116,0
DA:117,0
DA:118,0
DA:120,0
DA:121,0
DA:122,0
DA:123,0
DA:126,0
DA:127,0
DA:129,0
DA:131,0
DA:133,0
DA:146,0
DA:147,0
DA:159,0
DA:160,0
DA:161,0
DA:163,0
DA:166,0
DA:178,0
DA:184,0
DA:185,0
DA:186,0
DA:188,0
DA:189,0
DA:190,0
DA:191,0
DA:194,0
DA:196,0
DA:198,0
DA:205,0
DA:206,0
DA:217,0
DA:218,0
DA:220,0
DA:222,0
DA:223,0
DA:234,0
DA:245,0
DA:247,0
DA:248,0
DA:249,0
DA:250,0
DA:253,0
DA:254,0
DA:256,0
DA:266,0
DA:267,0
DA:272,1
LF:81
LH:4
BRDA:16,0,0,0
BRDA:18,1,0,0
BRDA:31,2,0,0
BRDA:31,2,1,0
BRDA:52,3,0,0
BRDA:54,4,0,0
BRDA:64,5,0,0
BRDA:64,5,1,0
BRDA:66,6,0,0
BRDA:66,6,1,0
BRDA:84,7,0,0
BRDA:90,8,0,0
BRDA:90,8,1,0
BRDA:99,9,0,0
BRDA:112,10,0,0
BRDA:112,10,1,0
BRDA:116,11,0,0
BRDA:116,11,1,0
BRDA:120,12,0,0
BRDA:120,12,1,0
BRDA:158,13,0,0
BRDA:158,14,0,0
BRDA:161,15,0,0
BRDA:161,15,1,0
BRDA:184,16,0,0
BRDA:184,16,1,0
BRDA:188,17,0,0
BRDA:188,17,1,0
BRDA:216,18,0,0
BRDA:220,19,0,0
BRDA:220,19,1,0
BRDA:247,20,0,0
BRDA:247,20,1,0
BRDA:261,21,0,0
BRDA:261,21,1,0
BRDA:262,22,0,0
BRDA:262,22,1,0
BRF:37
BRH:0
end_of_record
TN:
SF:src/services/layerService.js
FN:9,(anonymous_0)
FN:71,(anonymous_1)
FN:77,(anonymous_2)
FN:98,(anonymous_3)
FN:101,(anonymous_4)
FN:104,(anonymous_5)
FN:107,(anonymous_6)
FN:121,(anonymous_7)
FN:127,(anonymous_8)
FN:143,(anonymous_9)
FN:167,(anonymous_10)
FN:187,(anonymous_11)
FN:216,(anonymous_12)
FNF:13
FNH:6
FNDA:1,(anonymous_0)
FNDA:2,(anonymous_1)
FNDA:2,(anonymous_2)
FNDA:0,(anonymous_3)
FNDA:0,(anonymous_4)
FNDA:0,(anonymous_5)
FNDA:0,(anonymous_6)
FNDA:2,(anonymous_7)
FNDA:2,(anonymous_8)
FNDA:1,(anonymous_9)
FNDA:0,(anonymous_10)
FNDA:0,(anonymous_11)
FNDA:0,(anonymous_12)
DA:1,3
DA:2,3
DA:3,3
DA:4,3
DA:5,3
DA:10,1
DA:72,2
DA:73,2
DA:75,2
DA:78,2
DA:79,2
DA:80,2
DA:81,2
DA:82,2
DA:83,2
DA:85,2
DA:89,1
DA:90,1
DA:93,1
DA:94,1
DA:97,1
DA:98,0
DA:100,1
DA:101,0
DA:103,1
DA:104,0
DA:106,1
DA:107,0
DA:110,1
DA:116,0
DA:117,0
DA:122,2
DA:123,2
DA:125,2
DA:128,2
DA:129,2
DA:130,1
DA:132,1
DA:137,1
DA:138,0
DA:139,0
DA:144,1
DA:154,1
DA:157,1
DA:159,1
DA:160,1
DA:162,0
DA:163,0
DA:168,0
DA:170,0
DA:172,0
DA:175,0
DA:176,0
DA:178,0
DA:179,0
DA:181,0
DA:182,0
DA:183,0
DA:188,0
DA:190,0
DA:193,0
DA:194,0
DA:195,0
DA:201,0
DA:204,0
DA:205,0
DA:207,0
DA:208,0
DA:210,0
DA:211,0
DA:212,0
DA:217,0
DA:218,0
DA:221,0
DA:227,0
DA:228,0
DA:229,0
DA:236,0
DA:239,0
DA:244,0
DA:245,0
DA:246,0
DA:251,3
LF:83
LH:39
BRDA:71,0,0,2
BRDA:80,1,0,0
BRDA:80,1,1,2
BRDA:81,2,0,0
BRDA:81,2,1,2
BRDA:82,3,0,0
BRDA:82,3,1,2
BRDA:83,4,0,0
BRDA:83,4,1,2
BRDA:97,5,0,0
BRDA:97,5,1,1
BRDA:100,6,0,0
BRDA:100,6,1,1
BRDA:103,7,0,0
BRDA:103,7,1,1
BRDA:106,8,0,0
BRDA:106,8,1,1
BRDA:129,9,0,1
BRDA:129,9,1,1
BRDA:137,10,0,1
BRDA:137,10,1,0
BRDA:181,11,0,0
BRDA:181,11,1,0
BRDA:194,12,0,0
BRDA:194,12,1,0
BRDA:210,13,0,0
BRDA:210,13,1,0
BRDA:216,14,0,0
BRDA:216,15,0,0
BRDA:230,16,0,0
BRDA:230,16,1,0
BRDA:236,17,0,0
BRDA:236,17,1,0
BRDA:244,18,0,0
BRDA:244,18,1,0
BRF:35
BRH:12
end_of_record
TN:
SF:src/services/searchService.js
FN:15,(anonymous_0)
FN:41,(anonymous_1)
FN:63,(anonymous_2)
FN:95,(anonymous_3)
FN:118,(anonymous_4)
FN:125,(anonymous_5)
FN:145,(anonymous_6)
FNF:7
FNH:0
FNDA:0,(anonymous_0)
FNDA:0,(anonymous_1)
FNDA:0,(anonymous_2)
FNDA:0,(anonymous_3)
FNDA:0,(anonymous_4)
FNDA:0,(anonymous_5)
FNDA:0,(anonymous_6)
DA:1,1
DA:2,1
DA:3,1
DA:4,1
DA:7,1
DA:16,0
DA:17,0
DA:21,0
DA:29,0
DA:35,0
DA:36,0
DA:39,0
DA:41,0
DA:52,0
DA:53,0
DA:64,0
DA:65,0
DA:73,0
DA:79,0
DA:80,0
DA:83,0
DA:85,0
DA:86,0
DA:96,0
DA:97,0
DA:107,0
DA:117,0
DA:118,0
DA:125,0
DA:134,0
DA:136,0
DA:146,0
DA:151,0
DA:159,1
LF:34
LH:6
BRDA:35,0,0,0
BRDA:35,0,1,0
BRDA:48,1,0,0
BRDA:48,1,1,0
BRDA:79,2,0,0
BRDA:79,2,1,0
BRF:6
BRH:0
end_of_record
TN:
SF:src/services/timelineService.js
FN:6,(anonymous_0)
FN:37,(anonymous_1)
FN:51,(anonymous_2)
FN:62,(anonymous_3)
FN:75,(anonymous_4)
FN:88,(anonymous_5)
FNF:6
FNH:0
FNDA:0,(anonymous_0)
FNDA:0,(anonymous_1)
FNDA:0,(anonymous_2)
FNDA:0,(anonymous_3)
FNDA:0,(anonymous_4)
FNDA:0,(anonymous_5)
DA:1,2
DA:2,2
DA:3,2
DA:7,0
DA:8,0
DA:10,0
DA:11,0
DA:14,0
DA:15,0
DA:23,0
DA:24,0
DA:26,0
DA:32,0
DA:33,0
DA:38,0
DA:39,0
DA:40,0
DA:41,0
DA:43,0
DA:45,0
DA:46,0
DA:47,0
DA:52,0
DA:53,0
DA:54,0
DA:55,0
DA:57,0
DA:58,0
DA:63,0
DA:64,0
DA:65,0
DA:66,0
DA:67,0
DA:69,0
DA:70,0
DA:71,0
DA:76,0
DA:77,0
DA:78,0
DA:79,0
DA:80,0
DA:82,0
DA:83,0
DA:84,0
DA:89,0
DA:90,0
DA:92,0
DA:93,0
DA:98,2
LF:49
LH:4
BRDA:6,0,0,0
BRDA:10,1,0,0
BRDA:10,1,1,0
BRDA:14,2,0,0
BRDA:14,2,1,0
BRDA:14,3,0,0
BRDA:14,3,1,0
BRDA:24,4,0,0
BRDA:24,4,1,0
BRDA:29,5,0,0
BRDA:29,5,1,0
BRDA:40,6,0,0
BRDA:40,6,1,0
BRDA:45,7,0,0
BRDA:45,7,1,0
BRDA:69,8,0,0
BRDA:69,8,1,0
BRDA:82,9,0,0
BRDA:82,9,1,0
BRDA:88,10,0,0
BRF:20
BRH:0
end_of_record
TN:
SF:src/utils/cache.js
FN:4,(anonymous_0)
FN:12,(anonymous_1)
FN:16,(anonymous_2)
FN:20,(anonymous_3)
FN:24,(anonymous_4)
FN:28,(anonymous_5)
FNF:6
FNH:1
FNDA:9,(anonymous_0)
FNDA:0,(anonymous_1)
FNDA:0,(anonymous_2)
FNDA:0,(anonymous_3)
FNDA:0,(anonymous_4)
FNDA:0,(anonymous_5)
DA:1,3
DA:5,9
DA:13,0
DA:17,0
DA:21,0
DA:25,0
DA:29,0
DA:30,0
DA:31,0
DA:34,0
DA:35,0
DA:36,0
DA:40,3
DA:41,3
DA:42,3
LF:15
LH:5
BRDA:4,0,0,0
BRDA:17,1,0,0
BRDA:17,1,1,0
BRDA:30,2,0,0
BRDA:30,2,1,0
BRF:5
BRH:0
end_of_record
TN:
SF:src/utils/logger.js
FN:26,(anonymous_0)
FN:49,(anonymous_1)
FNF:2
FNH:2
FNDA:2,(anonymous_0)
FNDA:2,(anonymous_1)
DA:1,6
DA:2,6
DA:4,6
DA:12,6
DA:20,6
DA:22,6
DA:26,2
DA:30,6
DA:41,6
DA:48,6
DA:50,2
DA:54,6
LF:12
LH:12
BRDA:42,0,0,0
BRDA:42,0,1,6
BRF:2
BRH:1
end_of_record
